This is pdfTeX, Version 3.14159265-2.6-1.40.17 (TeX Live 2016) (preloaded format=pdflatex 2016.5.22)  10 MAR 2020 22:33
entering extended mode
 restricted \write18 enabled.
 file:line:error style messages enabled.
 %&-line parsing enabled.
**thesis.tex
(./thesis.tex
LaTeX2e <2016/03/31>
Babel <3.9r> and hyphenation patterns for 83 language(s) loaded.
(./uwthesis.cls
Document Class: uwthesis 2015/03/03
\tf@not=\write3
(/usr/local/texlive/2016/texmf-dist/tex/latex/base/book.cls
Document Class: book 2014/09/29 v1.4h Standard LaTeX document class
(/usr/local/texlive/2016/texmf-dist/tex/latex/base/bk12.clo
File: bk12.clo 2014/09/29 v1.4h Standard LaTeX file (size option)
)
\c@part=\count79
\c@chapter=\count80
\c@section=\count81
\c@subsection=\count82
\c@subsubsection=\count83
\c@paragraph=\count84
\c@subparagraph=\count85
\c@figure=\count86
\c@table=\count87
\abovecaptionskip=\skip41
\belowcaptionskip=\skip42
\bibindent=\dimen102
)
Formatting for ProQuest
\botmargin=\dimen103
\@@wholepage=\box26
\@Chair=\count88
\@Sign=\count89
\abs@savebox=\box27
) (/usr/local/texlive/2016/texmf-dist/tex/latex/amsmath/amsmath.sty
Package: amsmath 2016/03/10 v2.15b AMS math features
\@mathmargin=\skip43

For additional information on amsmath, use the `?' option.
(/usr/local/texlive/2016/texmf-dist/tex/latex/amsmath/amstext.sty
Package: amstext 2000/06/29 v2.01 AMS text

(/usr/local/texlive/2016/texmf-dist/tex/latex/amsmath/amsgen.sty
File: amsgen.sty 1999/11/30 v2.0 generic functions
\@emptytoks=\toks14
\ex@=\dimen104
))
(/usr/local/texlive/2016/texmf-dist/tex/latex/amsmath/amsbsy.sty
Package: amsbsy 1999/11/29 v1.2d Bold Symbols
\pmbraise@=\dimen105
)
(/usr/local/texlive/2016/texmf-dist/tex/latex/amsmath/amsopn.sty
Package: amsopn 2016/03/08 v2.02 operator names
)
\inf@bad=\count90
LaTeX Info: Redefining \frac on input line 199.
\uproot@=\count91
\leftroot@=\count92
LaTeX Info: Redefining \overline on input line 297.
\classnum@=\count93
\DOTSCASE@=\count94
LaTeX Info: Redefining \ldots on input line 394.
LaTeX Info: Redefining \dots on input line 397.
LaTeX Info: Redefining \cdots on input line 518.
\Mathstrutbox@=\box28
\strutbox@=\box29
\big@size=\dimen106
LaTeX Font Info:    Redeclaring font encoding OML on input line 634.
LaTeX Font Info:    Redeclaring font encoding OMS on input line 635.
\macc@depth=\count95
\c@MaxMatrixCols=\count96
\dotsspace@=\muskip10
\c@parentequation=\count97
\dspbrk@lvl=\count98
\tag@help=\toks15
\row@=\count99
\column@=\count100
\maxfields@=\count101
\andhelp@=\toks16
\eqnshift@=\dimen107
\alignsep@=\dimen108
\tagshift@=\dimen109
\tagwidth@=\dimen110
\totwidth@=\dimen111
\lineht@=\dimen112
\@envbody=\toks17
\multlinegap=\skip44
\multlinetaggap=\skip45
\mathdisplay@stack=\toks18
LaTeX Info: Redefining \[ on input line 2739.
LaTeX Info: Redefining \] on input line 2740.
)
(/usr/local/texlive/2016/texmf-dist/tex/latex/amsfonts/amssymb.sty
Package: amssymb 2013/01/14 v3.01 AMS font symbols

(/usr/local/texlive/2016/texmf-dist/tex/latex/amsfonts/amsfonts.sty
Package: amsfonts 2013/01/14 v3.01 Basic AMSFonts support
\symAMSa=\mathgroup4
\symAMSb=\mathgroup5
LaTeX Font Info:    Overwriting math alphabet `\mathfrak' in version `bold'
(Font)                  U/euf/m/n --> U/euf/b/n on input line 106.
))
(./aasmacros.sty)
(/usr/local/texlive/2016/texmf-dist/tex/latex/mhchem/mhchem.sty
Package: mhchem 2016/02/07 v4.04 for typesetting chemical formulae

(/usr/local/texlive/2016/texmf-dist/tex/latex/l3kernel/expl3.sty
Package: expl3 2016/05/18 v6512 L3 programming layer (loader) 

(/usr/local/texlive/2016/texmf-dist/tex/latex/l3kernel/expl3-code.tex
Package: expl3 2016/05/18 v6512 L3 programming layer (code)
L3 Module: l3bootstrap 2016/02/12 v6412 L3 Bootstrap code
L3 Module: l3names 2016/03/11 v6433 L3 Namespace for primitives
L3 Module: l3basics 2015/11/22 v6315 L3 Basic definitions
L3 Module: l3expan 2015/09/10 v5983 L3 Argument expansion
L3 Module: l3tl 2016/03/26 v6465 L3 Token lists
L3 Module: l3str 2016/03/24 v6441 L3 Strings
L3 Module: l3seq 2015/08/05 v5777 L3 Sequences and stacks
L3 Module: l3int 2016/03/24 v6441 L3 Integers
\c_max_int=\count102
\l_tmpa_int=\count103
\l_tmpb_int=\count104
\g_tmpa_int=\count105
\g_tmpb_int=\count106
L3 Module: l3quark 2015/08/17 v5855 L3 Quarks
L3 Module: l3prg 2015/11/01 v6216 L3 Control structures
\g__prg_map_int=\count107
L3 Module: l3clist 2015/09/02 v5901 L3 Comma separated lists
L3 Module: l3token 2016/04/03 v6470 L3 Experimental token manipulation
L3 Module: l3prop 2016/01/05 v6366 L3 Property lists
L3 Module: l3msg 2016/03/26 v6464 L3 Messages
L3 Module: l3file 2016/03/25 v6458 L3 File and I/O operations
\l_iow_line_count_int=\count108
\l__iow_target_count_int=\count109
\l__iow_current_line_int=\count110
\l__iow_current_word_int=\count111
\l__iow_current_indentation_int=\count112
L3 Module: l3skip 2016/01/05 v6366 L3 Dimensions and skips
\c_zero_dim=\dimen113
\c_max_dim=\dimen114
\l_tmpa_dim=\dimen115
\l_tmpb_dim=\dimen116
\g_tmpa_dim=\dimen117
\g_tmpb_dim=\dimen118
\c_zero_skip=\skip46
\c_max_skip=\skip47
\l_tmpa_skip=\skip48
\l_tmpb_skip=\skip49
\g_tmpa_skip=\skip50
\g_tmpb_skip=\skip51
\c_zero_muskip=\muskip11
\c_max_muskip=\muskip12
\l_tmpa_muskip=\muskip13
\l_tmpb_muskip=\muskip14
\g_tmpa_muskip=\muskip15
\g_tmpb_muskip=\muskip16
L3 Module: l3keys 2015/11/17 v6284 L3 Key-value interfaces
\g__keyval_level_int=\count113
\l_keys_choice_int=\count114
L3 Module: l3fp 2016/03/26 v6465 L3 Floating points
\c__fp_leading_shift_int=\count115
\c__fp_middle_shift_int=\count116
\c__fp_trailing_shift_int=\count117
\c__fp_big_leading_shift_int=\count118
\c__fp_big_middle_shift_int=\count119
\c__fp_big_trailing_shift_int=\count120
\c__fp_Bigg_leading_shift_int=\count121
\c__fp_Bigg_middle_shift_int=\count122
\c__fp_Bigg_trailing_shift_int=\count123
L3 Module: l3box 2015/08/09 v5822 L3 Experimental boxes
\c_empty_box=\box30
\l_tmpa_box=\box31
\l_tmpb_box=\box32
\g_tmpa_box=\box33
\g_tmpb_box=\box34
L3 Module: l3coffins 2016/05/17 v6508 L3 Coffin code layer
\l__coffin_internal_box=\box35
\l__coffin_internal_dim=\dimen119
\l__coffin_offset_x_dim=\dimen120
\l__coffin_offset_y_dim=\dimen121
\l__coffin_x_dim=\dimen122
\l__coffin_y_dim=\dimen123
\l__coffin_x_prime_dim=\dimen124
\l__coffin_y_prime_dim=\dimen125
\c_empty_coffin=\box36
\l__coffin_aligned_coffin=\box37
\l__coffin_aligned_internal_coffin=\box38
\l_tmpa_coffin=\box39
\l_tmpb_coffin=\box40
\l__coffin_display_coffin=\box41
\l__coffin_display_coord_coffin=\box42
\l__coffin_display_pole_coffin=\box43
\l__coffin_display_offset_dim=\dimen126
\l__coffin_display_x_dim=\dimen127
\l__coffin_display_y_dim=\dimen128
L3 Module: l3color 2014/08/23 v5354 L3 Experimental color support
L3 Module: l3sys 2015/09/25 v6087 L3 Experimental system/runtime functions
L3 Module: l3candidates 2016/05/13 v6484 L3 Experimental additions to l3kernel
\l__box_top_dim=\dimen129
\l__box_bottom_dim=\dimen130
\l__box_left_dim=\dimen131
\l__box_right_dim=\dimen132
\l__box_top_new_dim=\dimen133
\l__box_bottom_new_dim=\dimen134
\l__box_left_new_dim=\dimen135
\l__box_right_new_dim=\dimen136
\l__box_internal_box=\box44
\l__coffin_bounding_shift_dim=\dimen137
\l__coffin_left_corner_dim=\dimen138
\l__coffin_right_corner_dim=\dimen139
\l__coffin_bottom_corner_dim=\dimen140
\l__coffin_top_corner_dim=\dimen141
\l__coffin_scaled_total_height_dim=\dimen142
\l__coffin_scaled_width_dim=\dimen143
L3 Module: l3luatex 2016/03/26 v6465 L3 Experimental LuaTeX-specific functions
)
(/usr/local/texlive/2016/texmf-dist/tex/latex/l3kernel/l3pdfmode.def
File: l3pdfmode.def 2016/03/26 v6465 L3 Experimental driver: PDF mode
\l__driver_color_stack_int=\count124
\l__driver_tmp_box=\box45
))
(/usr/local/texlive/2016/texmf-dist/tex/latex/l3packages/l3keys2e/l3keys2e.sty
Package: l3keys2e 2016/05/18 v6512 LaTeX2e option processing using LaTeX3 keys
) (/usr/local/texlive/2016/texmf-dist/tex/latex/l3experimental/l3str/l3regex.st
y
Package: l3regex 2016/05/14 v6492 L3 Experimental regular expressions

(/usr/local/texlive/2016/texmf-dist/tex/latex/l3experimental/l3str/l3tl-build.s
ty
Package: l3tl-build 2016/05/14 v6492 L3 Experimental token list construction
\l__tl_build_start_index_int=\count125
\l__tl_build_index_int=\count126
)
(/usr/local/texlive/2016/texmf-dist/tex/latex/l3experimental/l3str/l3tl-analysi
s.sty
Package: l3tl-analysis 2016/03/24 v6443 L3 Experimental token lists analysis
\l__tl_analysis_normal_int=\count127
\l__tl_analysis_index_int=\count128
\l__tl_analysis_nesting_int=\count129
\l__tl_analysis_type_int=\count130
)
(/usr/local/texlive/2016/texmf-dist/tex/latex/l3experimental/l3str/l3flag.sty
Package: l3flag 2016/05/14 v6492 L3 Experimental flags
)
(/usr/local/texlive/2016/texmf-dist/tex/latex/l3experimental/l3str/l3str-conver
t.sty
Package: l3str-convert 2016/03/24 v6443 L3 Experimental string encoding convers
ions
\l__str_internal_int=\count131
\c__str_replacement_char_int=\count132
)
\l__regex_internal_a_int=\count133
\l__regex_internal_b_int=\count134
\l__regex_internal_c_int=\count135
\l__regex_balance_int=\count136
\l__regex_group_level_int=\count137
\l__regex_mode_int=\count138
\l__regex_catcodes_int=\count139
\l__regex_default_catcodes_int=\count140
\c__regex_catcode_D_int=\count141
\c__regex_catcode_S_int=\count142
\c__regex_catcode_L_int=\count143
\c__regex_catcode_O_int=\count144
\c__regex_catcode_A_int=\count145
\c__regex_all_catcodes_int=\count146
\l__regex_show_lines_int=\count147
\l__regex_min_state_int=\count148
\l__regex_max_state_int=\count149
\l__regex_left_state_int=\count150
\l__regex_right_state_int=\count151
\l__regex_capturing_group_int=\count152
\l__regex_min_pos_int=\count153
\l__regex_max_pos_int=\count154
\l__regex_current_pos_int=\count155
\l__regex_start_pos_int=\count156
\l__regex_success_pos_int=\count157
\l__regex_current_char_int=\count158
\l__regex_current_catcode_int=\count159
\l__regex_last_char_int=\count160
\l__regex_case_changed_char_int=\count161
\l__regex_current_state_int=\count162
\l__regex_step_int=\count163
\l__regex_min_active_int=\count164
\l__regex_max_active_int=\count165
\l__regex_replacement_csnames_int=\count166
\l__regex_match_count_int=\count167
\l__regex_submatch_int=\count168
\l__regex_zeroth_submatch_int=\count169
) (/usr/local/texlive/2016/texmf-dist/tex/latex/tools/calc.sty
Package: calc 2014/10/28 v4.3 Infix arithmetic (KKT,FJ)
\calc@Acount=\count170
\calc@Bcount=\count171
\calc@Adimen=\dimen144
\calc@Bdimen=\dimen145
\calc@Askip=\skip52
\calc@Bskip=\skip53
LaTeX Info: Redefining \setlength on input line 80.
LaTeX Info: Redefining \addtolength on input line 81.
\calc@Ccount=\count172
\calc@Cskip=\skip54
)
(/usr/local/texlive/2016/texmf-dist/tex/latex/chemgreek/chemgreek.sty
(/usr/local/texlive/2016/texmf-dist/tex/latex/l3packages/xparse/xparse.sty
Package: xparse 2016/05/18 v6512 L3 Experimental document command parser
\l__xparse_current_arg_int=\count173
\l__xparse_m_args_int=\count174
\l__xparse_mandatory_args_int=\count175
\l__xparse_processor_int=\count176
\l__xparse_v_nesting_int=\count177
)
Package: chemgreek 2016/02/10 v1.0e interfaceforuprightgreeklettersforuseinchem
istry (CN)
\l__chemgreek_tmpa_int=\count178
\g__chemgreek_tmpa_int=\count179
.................................................
. LaTeX info: "xparse/define-command"
. 
. Defining command \newchemgreekmapping with sig. 'O{}mm' on line 336.
.................................................
.................................................
. LaTeX info: "xparse/define-command"
. 
. Defining command \renewchemgreekmapping with sig. 'O{}mm' on line 339.
.................................................
.................................................
. LaTeX info: "xparse/define-command"
. 
. Defining command \declarechemgreekmapping with sig. 'O{}mm' on line 342.
.................................................
.................................................
. LaTeX info: "xparse/define-command"
. 
. Defining command \newchemgreekmappingalias with sig. 'mm' on line 347.
.................................................
.................................................
. LaTeX info: "xparse/define-command"
. 
. Defining command \renewchemgreekmappingalias with sig. 'mm' on line 350.
.................................................
.................................................
. LaTeX info: "xparse/define-command"
. 
. Defining command \declarechemgreekmappingalias with sig. 'mm' on line 353.
.................................................
.................................................
. LaTeX info: "xparse/define-command"
. 
. Defining command \changechemgreeksymbol with sig. 'mmmm' on line 383.
.................................................
.................................................
. LaTeX info: "xparse/define-command"
. 
. Defining command \chemgreekmappingsymbol with sig. 'mm' on line 477.
.................................................
.................................................
. LaTeX info: "xparse/define-command"
. 
. Defining command \activatechemgreekmapping with sig. 'sm' on line 486.
.................................................
.................................................
. LaTeX info: "xparse/define-command"
. 
. Defining command \selectchemgreekmapping with sig. 'm' on line 491.
.................................................
)
(/usr/local/texlive/2016/texmf-dist/tex/latex/graphics/graphics.sty
Package: graphics 2016/05/09 v1.0r Standard LaTeX Graphics (DPC,SPQR)

(/usr/local/texlive/2016/texmf-dist/tex/latex/graphics/trig.sty
Package: trig 2016/01/03 v1.10 sin cos tan (DPC)
)
(/usr/local/texlive/2016/texmf-dist/tex/latex/graphics-cfg/graphics.cfg
File: graphics.cfg 2016/01/02 v1.10 sample graphics configuration
)
Package graphics Info: Driver file: pdftex.def on input line 96.

(/usr/local/texlive/2016/texmf-dist/tex/latex/pdftex-def/pdftex.def
File: pdftex.def 2011/05/27 v0.06d Graphics/color for pdfTeX

(/usr/local/texlive/2016/texmf-dist/tex/generic/oberdiek/infwarerr.sty
Package: infwarerr 2016/05/16 v1.4 Providing info/warning/error messages (HO)
)
(/usr/local/texlive/2016/texmf-dist/tex/generic/oberdiek/ltxcmds.sty
Package: ltxcmds 2016/05/16 v1.23 LaTeX kernel commands for general use (HO)
)
\Gread@gobject=\count180
))
\l__mhchem_ce_distanceFromLastComma_int=\count181
\__mhchem_arrow_extPgfLength_skip=\skip55
\mhchem@minispace@tmp=\skip56
\mhchem@minibackspace@tmp=\skip57
\mhchem@bondwidth=\skip58
\mhchem@bondheight=\skip59
\mhchem@smallbondwidth@tmpA=\skip60
\mhchem@smallbondwidth@tmpB=\skip61
\mhchem@smallbondwidth=\skip62
\mhchem@bondtmp@minussidebearingleft=\skip63
\mhchem@bondtmp@minussidebearingright=\skip64
\l__mhchem_option_version_int=\count182
\mhchem@option@minusmathsidebearingleft=\dimen146
\mhchem@option@minusmathsidebearingright=\dimen147
\mhchem@option@minustextsidebearingleft=\dimen148
\mhchem@option@minustextsidebearingright=\dimen149
)
(/usr/local/texlive/2016/texmf-dist/tex/latex/comment/comment.sty
\CommentStream=\write4

Excluding comment 'comment')
(/usr/local/texlive/2016/texmf-dist/tex/latex/multirow/multirow.sty
\bigstrutjot=\dimen150
)
(/usr/local/texlive/2016/texmf-dist/tex/latex/tools/tabularx.sty
Package: tabularx 2016/02/03 v2.11 `tabularx' package (DPC)

(/usr/local/texlive/2016/texmf-dist/tex/latex/tools/array.sty
Package: array 2014/10/28 v2.4c Tabular extension package (FMi)
\col@sep=\dimen151
\extrarowheight=\dimen152
\NC@list=\toks19
\extratabsurround=\skip65
\backup@length=\skip66
)
\TX@col@width=\dimen153
\TX@old@table=\dimen154
\TX@old@col=\dimen155
\TX@target=\dimen156
\TX@delta=\dimen157
\TX@cols=\count183
\TX@ftn=\toks20
)
(./deluxetable.sty
Package: deluxetable 
\pt@box=\box46
\pt@width=\dimen158
\pt@line=\count184
\pt@column=\count185
\pt@nlines=\count186
\pt@ncol=\count187
\pt@page=\count188
\pt@tmpcapwidth=\dimen159
)
(/usr/local/texlive/2016/texmf-dist/tex/latex/mathtools/mathtools.sty
Package: mathtools 2015/11/12 v1.18 mathematical typesetting tools

(/usr/local/texlive/2016/texmf-dist/tex/latex/graphics/keyval.sty
Package: keyval 2014/10/28 v1.15 key=value parser (DPC)
\KV@toks@=\toks21
)
(/usr/local/texlive/2016/texmf-dist/tex/latex/mathtools/mhsetup.sty
Package: mhsetup 2010/01/21 v1.2a programming setup (MH)
)
LaTeX Info: Thecontrolsequence`\('isalreadyrobust on input line 129.
LaTeX Info: Thecontrolsequence`\)'isalreadyrobust on input line 129.
LaTeX Info: Thecontrolsequence`\['isalreadyrobust on input line 129.
LaTeX Info: Thecontrolsequence`\]'isalreadyrobust on input line 129.
\g_MT_multlinerow_int=\count189
\l_MT_multwidth_dim=\dimen160
\origjot=\skip67
\l_MT_shortvdotswithinadjustabove_dim=\dimen161
\l_MT_shortvdotswithinadjustbelow_dim=\dimen162
\l_MT_above_intertext_sep=\dimen163
\l_MT_below_intertext_sep=\dimen164
\l_MT_above_shortintertext_sep=\dimen165
\l_MT_below_shortintertext_sep=\dimen166
)
(/usr/local/texlive/2016/texmf-dist/tex/latex/was/upgreek.sty
Package: upgreek 2003/02/12 v2.0 (WaS)
Package upgreek Info: Using Euler Roman for upright Greek on input line 31.
\symugrf@m=\mathgroup6
LaTeX Font Info:    Overwriting symbol font `ugrf@m' in version `bold'
(Font)                  U/eur/m/n --> U/eur/b/n on input line 38.
)
(/usr/local/texlive/2016/texmf-dist/tex/latex/floatrow/floatrow.sty
Package: floatrow 2008/08/02 v0.3b floatrow: float package extension

(/usr/local/texlive/2016/texmf-dist/tex/latex/caption/caption3.sty
Package: caption3 2016/02/04 v1.7-139 caption3 kernel (AR)
Package caption3 Info: TeX engine: e-TeX on input line 67.
\captionmargin=\dimen167
\captionmargin@=\dimen168
\captionwidth=\dimen169
\caption@tempdima=\dimen170
\caption@indent=\dimen171
\caption@parindent=\dimen172
\caption@hangindent=\dimen173
Package caption Info: Unknown document class (or package),
(caption)             standard defaults will be used.
)
\c@float@type=\count190
\float@exts=\toks22
\float@box=\box47
\@floatcapt=\box48
Package floatrow Info: Modified float package code loaded on input line 455.
Package floatrow Info: Modified rotfloat package code loaded on input line 473.

\FR@everyfloat=\toks23
\flrow@foot=\insert199
\FB@wd=\dimen174
\FBo@wd=\dimen175
\FBc@wd=\dimen176
\FBo@ht=\skip68
\FBc@ht=\skip69
\FBf@ht=\skip70
\FBo@max=\skip71
\FBc@max=\skip72
\FBf@max=\skip73
\c@FBl@b=\count191
\floatbox@depth=\count192
\c@FRobj=\count193
\c@FRsobj=\count194
\Xhsize=\skip74
\sXhsize=\skip75
\Zhsize=\skip76
\sZhsize=\skip77
\flrow@rowbox=\box49
\FR@Zunitlength=\dimen177
\c@FBcnt=\count195
\FPOScnt=\count196
\LTleft=\skip78
\LTright=\skip79
\LTleft=\skip80
\LTright=\skip81
\flrow@types=\toks24
)
(/usr/local/texlive/2016/texmf-dist/tex/latex/outlines/outlines.sty
Package: outlines 2012/1/23 1.1 Ch. Pecheur

(/usr/local/texlive/2016/texmf-dist/tex/latex/base/ifthen.sty
Package: ifthen 2014/09/29 v1.1c Standard LaTeX ifthen package (DPC)
))
(/usr/local/texlive/2016/texmf-dist/tex/latex/setspace/setspace.sty
Package: setspace 2011/12/19 v6.7a set line spacing
)
(/usr/local/texlive/2016/texmf-dist/tex/latex/caption/caption.sty
Package: caption 2016/02/21 v3.3-144 Customizing captions (AR)


Package caption Warning: Unsupported document class (or package) detected,
(caption)                usage of the caption package is not recommended.
See the caption package documentation for explanation.

Package caption Info: \@makecaption = \long macro:#1#2->\vskip 2ex\noindent #1\
 #2\par .
\c@ContinuedFloat=\count197
Package caption Info: float package is loaded.
Package caption Info: floatrow package is loaded.
) (/usr/local/texlive/2016/texmf-dist/tex/latex/sidecap/sidecap.sty
Package: sidecap 2003/06/06 v1.6f SideCap Package (RN/HjG)
\SC@BOXWD=\dimen178
\SC@CAPWD=\dimen179
\SC@tempdima=\dimen180
\SC@tempdimb=\dimen181
\c@SC@C=\count198
\SC@BOX=\box50
)
(/usr/local/texlive/2016/texmf-dist/tex/latex/epigraph/epigraph.sty
Package: epigraph 2009/09/02 v1.5c typesetting epigraphs
\beforeepigraphskip=\skip82
\afterepigraphskip=\skip83
\epigraphwidth=\skip84
\epigraphrule=\skip85
)
(/usr/local/texlive/2016/texmf-dist/tex/latex/psnfss/times.sty
Package: times 2005/04/12 PSNFSS-v9.2a (SPQR) 
)
(/usr/local/texlive/2016/texmf-dist/tex/latex/psnfss/mathptmx.sty
Package: mathptmx 2005/04/12 PSNFSS-v9.2a Times w/ Math, improved (SPQR, WaS) 
LaTeX Font Info:    Redeclaring symbol font `operators' on input line 28.
LaTeX Font Info:    Overwriting symbol font `operators' in version `normal'
(Font)                  OT1/cmr/m/n --> OT1/ztmcm/m/n on input line 28.
LaTeX Font Info:    Overwriting symbol font `operators' in version `bold'
(Font)                  OT1/cmr/bx/n --> OT1/ztmcm/m/n on input line 28.
LaTeX Font Info:    Redeclaring symbol font `letters' on input line 29.
LaTeX Font Info:    Overwriting symbol font `letters' in version `normal'
(Font)                  OML/cmm/m/it --> OML/ztmcm/m/it on input line 29.
LaTeX Font Info:    Overwriting symbol font `letters' in version `bold'
(Font)                  OML/cmm/b/it --> OML/ztmcm/m/it on input line 29.
LaTeX Font Info:    Redeclaring symbol font `symbols' on input line 30.
LaTeX Font Info:    Overwriting symbol font `symbols' in version `normal'
(Font)                  OMS/cmsy/m/n --> OMS/ztmcm/m/n on input line 30.
LaTeX Font Info:    Overwriting symbol font `symbols' in version `bold'
(Font)                  OMS/cmsy/b/n --> OMS/ztmcm/m/n on input line 30.
LaTeX Font Info:    Redeclaring symbol font `largesymbols' on input line 31.
LaTeX Font Info:    Overwriting symbol font `largesymbols' in version `normal'
(Font)                  OMX/cmex/m/n --> OMX/ztmcm/m/n on input line 31.
LaTeX Font Info:    Overwriting symbol font `largesymbols' in version `bold'
(Font)                  OMX/cmex/m/n --> OMX/ztmcm/m/n on input line 31.
\symbold=\mathgroup7
\symitalic=\mathgroup8
LaTeX Font Info:    Redeclaring math alphabet \mathbf on input line 34.
LaTeX Font Info:    Overwriting math alphabet `\mathbf' in version `normal'
(Font)                  OT1/cmr/bx/n --> OT1/ptm/bx/n on input line 34.
LaTeX Font Info:    Overwriting math alphabet `\mathbf' in version `bold'
(Font)                  OT1/cmr/bx/n --> OT1/ptm/bx/n on input line 34.
LaTeX Font Info:    Redeclaring math alphabet \mathit on input line 35.
LaTeX Font Info:    Overwriting math alphabet `\mathit' in version `normal'
(Font)                  OT1/cmr/m/it --> OT1/ptm/m/it on input line 35.
LaTeX Font Info:    Overwriting math alphabet `\mathit' in version `bold'
(Font)                  OT1/cmr/bx/it --> OT1/ptm/m/it on input line 35.
LaTeX Info: Redefining \hbar on input line 50.
)
(/usr/local/texlive/2016/texmf-dist/tex/latex/natbib/bibentry.sty
Package: bibentry 2007/10/30 1.5 (PWD)
)
(/usr/local/texlive/2016/texmf-dist/tex/latex/tools/xspace.sty
Package: xspace 2014/10/28 v1.13 Space after command names (DPC,MH)
)
(/usr/local/texlive/2016/texmf-dist/tex/latex/graphics/graphicx.sty
Package: graphicx 2014/10/28 v1.0g Enhanced LaTeX Graphics (DPC,SPQR)
\Gin@req@height=\dimen182
\Gin@req@width=\dimen183
)
(/usr/local/texlive/2016/texmf-dist/tex/latex/algorithm2e/algorithm2e.sty
Package: algorithm2e 2013/01/06 v5.00 algorithms environments
\c@AlgoLine=\count266
\algocf@hangindent=\skip86

(/usr/local/texlive/2016/texmf-dist/tex/latex/relsize/relsize.sty
Package: relsize 2013/03/29 ver 4.1
)
********************************************************
Package `algorithm2e' Release 5.1 -- october 19 2015 --
- algorithm2e-announce@lirmm.fr mailing list for announcement about releases
- algorithm2e-discussion@lirmm.fr mailing list for discussion about package
subscribe by emailing sympa@lirmm.fr with 'subscribe <list> <firstname name>'
- Author: Christophe Fiorio (christophe.fiorio@umontpellier.fr)
********************************************************
\skiptotal=\skip87
\skiplinenumber=\skip88
\skiprule=\skip89
\skiphlne=\skip90
\skiptext=\skip91
\skiplength=\skip92
\algomargin=\skip93
\skipalgocfslide=\skip94
\algowidth=\dimen184
\inoutsize=\dimen185
\inoutindent=\dimen186
\interspacetitleruled=\dimen187
\interspacealgoruled=\dimen188
\interspacetitleboxruled=\dimen189
\algocf@ruledwidth=\skip95
\algocf@inoutbox=\box51
\algocf@inputbox=\box52
\AlCapSkip=\skip96
\AlCapHSkip=\skip97
\algoskipindent=\skip98
\algocf@nlbox=\box53

/usr/local/texlive/2016/texmf-dist/tex/latex/algorithm2e/algorithm2e.sty:1657: 
LaTeX Error: Command \nl already defined.
               Or name \end... illegal, see p.192 of the manual.

See the LaTeX manual or LaTeX Companion for explanation.
Type  H <return>  for immediate help.
 ...                                              
                                                  
l.1657 }
        %
? 
\algocf@hangingbox=\box54
\algocf@untilbox=\box55
\algocf@skipuntil=\skip99
\algocf@capbox=\box56
\algoheightruledefault=\skip100
\algoheightrule=\skip101
\algotitleheightruledefault=\skip102
\algotitleheightrule=\skip103
\c@algocfline=\count267
\c@algocfproc=\count268
\c@algocf=\count269
\algocf@algoframe=\box57
\algocf@algobox=\box58
) (/usr/local/texlive/2016/texmf-dist/tex/latex/natbib/natbib.sty
Package: natbib 2010/09/13 8.31b (PWD, AO)
\bibhang=\skip104
\bibsep=\skip105
LaTeX Info: Redefining \cite on input line 694.
\c@NAT@ctr=\count270
)
(/usr/local/texlive/2016/texmf-dist/tex/latex/xcolor/xcolor.sty
Package: xcolor 2016/05/11 v2.12 LaTeX color extensions (UK)

(/usr/local/texlive/2016/texmf-dist/tex/latex/graphics-cfg/color.cfg
File: color.cfg 2016/01/02 v1.6 sample color configuration
)
Package xcolor Info: Driver file: pdftex.def on input line 225.
Package xcolor Info: Model `cmy' substituted by `cmy0' on input line 1348.
Package xcolor Info: Model `hsb' substituted by `rgb' on input line 1352.
Package xcolor Info: Model `RGB' extended on input line 1364.
Package xcolor Info: Model `HTML' substituted by `rgb' on input line 1366.
Package xcolor Info: Model `Hsb' substituted by `hsb' on input line 1367.
Package xcolor Info: Model `tHsb' substituted by `hsb' on input line 1368.
Package xcolor Info: Model `HSB' substituted by `hsb' on input line 1369.
Package xcolor Info: Model `Gray' substituted by `gray' on input line 1370.
Package xcolor Info: Model `wave' substituted by `hsb' on input line 1371.
)
(/usr/local/texlive/2016/texmf-dist/tex/latex/import/import.sty
Package: import 2009/03/23  v 5.1
)
(./pythonhighlight.sty
Package: pythonhighlight 2011/09/19 python code highlighting; provided by Olivi
er Verdier <olivier.verdier@gmail.com>

(/usr/local/texlive/2016/texmf-dist/tex/latex/listings/listings.sty
\lst@mode=\count271
\lst@gtempboxa=\box59
\lst@token=\toks25
\lst@length=\count272
\lst@currlwidth=\dimen190
\lst@column=\count273
\lst@pos=\count274
\lst@lostspace=\dimen191
\lst@width=\dimen192
\lst@newlines=\count275
\lst@lineno=\count276
\lst@maxwidth=\dimen193

(/usr/local/texlive/2016/texmf-dist/tex/latex/listings/lstmisc.sty
File: lstmisc.sty 2015/06/04 1.6 (Carsten Heinz)
\c@lstnumber=\count277
\lst@skipnumbers=\count278
\lst@framebox=\box60
)
(/usr/local/texlive/2016/texmf-dist/tex/latex/listings/listings.cfg
File: listings.cfg 2015/06/04 1.6 listings configuration
))
Package: listings 2015/06/04 1.6 (Carsten Heinz)
)
(/usr/local/texlive/2016/texmf-dist/tex/latex/hyperref/hyperref.sty
Package: hyperref 2016/05/05 v6.83n Hypertext links for LaTeX

(/usr/local/texlive/2016/texmf-dist/tex/generic/oberdiek/hobsub-hyperref.sty
Package: hobsub-hyperref 2016/05/16 v1.14 Bundle oberdiek, subset hyperref (HO)


(/usr/local/texlive/2016/texmf-dist/tex/generic/oberdiek/hobsub-generic.sty
Package: hobsub-generic 2016/05/16 v1.14 Bundle oberdiek, subset generic (HO)
Package: hobsub 2016/05/16 v1.14 Construct package bundles (HO)
Package hobsub Info: Skipping package `infwarerr' (already loaded).
Package hobsub Info: Skipping package `ltxcmds' (already loaded).
Package: ifluatex 2016/05/16 v1.4 Provides the ifluatex switch (HO)
Package ifluatex Info: LuaTeX not detected.
Package: ifvtex 2016/05/16 v1.6 Detect VTeX and its facilities (HO)
Package ifvtex Info: VTeX not detected.
Package: intcalc 2016/05/16 v1.2 Expandable calculations with integers (HO)
Package: ifpdf 2016/05/14 v3.1 Provides the ifpdf switch
Package: etexcmds 2016/05/16 v1.6 Avoid name clashes with e-TeX commands (HO)
Package etexcmds Info: Could not find \expanded.
(etexcmds)             That can mean that you are not using pdfTeX 1.50 or
(etexcmds)             that some package has redefined \expanded.
(etexcmds)             In the latter case, load this package earlier.
Package: kvsetkeys 2016/05/16 v1.17 Key value parser (HO)
Package: kvdefinekeys 2016/05/16 v1.4 Define keys (HO)
Package: pdftexcmds 2016/05/10 v0.21 Utility functions of pdfTeX for LuaTeX (HO
)
Package pdftexcmds Info: LuaTeX not detected.
Package pdftexcmds Info: \pdf@primitive is available.
Package pdftexcmds Info: \pdf@ifprimitive is available.
Package pdftexcmds Info: \pdfdraftmode found.
Package: pdfescape 2016/05/16 v1.14 Implements pdfTeX's escape features (HO)
Package: bigintcalc 2016/05/16 v1.4 Expandable calculations on big integers (HO
)
Package: bitset 2016/05/16 v1.2 Handle bit-vector datatype (HO)
Package: uniquecounter 2016/05/16 v1.3 Provide unlimited unique counter (HO)
)
Package hobsub Info: Skipping package `hobsub' (already loaded).
Package: letltxmacro 2016/05/16 v1.5 Let assignment for LaTeX macros (HO)
Package: hopatch 2016/05/16 v1.3 Wrapper for package hooks (HO)
Package: xcolor-patch 2016/05/16 xcolor patch
Package: atveryend 2016/05/16 v1.9 Hooks at the very end of document (HO)
Package atveryend Info: \enddocument detected (standard20110627).
Package: atbegshi 2016/05/16 v1.17 At begin shipout hook (HO)
Package: refcount 2016/05/16 v3.5 Data extraction from label references (HO)
Package: hycolor 2016/05/16 v1.8 Color options for hyperref/bookmark (HO)
)
(/usr/local/texlive/2016/texmf-dist/tex/generic/ifxetex/ifxetex.sty
Package: ifxetex 2010/09/12 v0.6 Provides ifxetex conditional
)
(/usr/local/texlive/2016/texmf-dist/tex/latex/oberdiek/auxhook.sty
Package: auxhook 2016/05/16 v1.4 Hooks for auxiliary files (HO)
)
(/usr/local/texlive/2016/texmf-dist/tex/latex/oberdiek/kvoptions.sty
Package: kvoptions 2016/05/16 v3.12 Key value format for package options (HO)
)
\@linkdim=\dimen194
\Hy@linkcounter=\count279
\Hy@pagecounter=\count280

(/usr/local/texlive/2016/texmf-dist/tex/latex/hyperref/pd1enc.def
File: pd1enc.def 2016/05/05 v6.83n Hyperref: PDFDocEncoding definition (HO)
)
\Hy@SavedSpaceFactor=\count281

(/usr/local/texlive/2016/texmf-dist/tex/latex/latexconfig/hyperref.cfg
File: hyperref.cfg 2002/06/06 v1.2 hyperref configuration of TeXLive
)
Package hyperref Info: Option `bookmarks' set `true' on input line 4322.
Package hyperref Info: Option `pdfnewwindow' set `true' on input line 4322.
Package hyperref Info: Option `colorlinks' set `true' on input line 4322.
Package hyperref Info: Option `final' set `true' on input line 4322.
Package hyperref Info: Hyper figures OFF on input line 4446.
Package hyperref Info: Link nesting OFF on input line 4451.
Package hyperref Info: Hyper index ON on input line 4454.
Package hyperref Info: Plain pages OFF on input line 4461.
Package hyperref Info: Backreferencing OFF on input line 4466.
Package hyperref Info: Implicit mode ON; LaTeX internals redefined.
Package hyperref Info: Bookmarks ON on input line 4691.
\c@Hy@tempcnt=\count282

(/usr/local/texlive/2016/texmf-dist/tex/latex/url/url.sty
\Urlmuskip=\muskip17
Package: url 2013/09/16  ver 3.4  Verb mode for urls, etc.
)
LaTeX Info: Redefining \url on input line 5044.
\XeTeXLinkMargin=\dimen195
\Fld@menulength=\count283
\Field@Width=\dimen196
\Fld@charsize=\dimen197
Package hyperref Info: Hyper figures OFF on input line 6298.
Package hyperref Info: Link nesting OFF on input line 6303.
Package hyperref Info: Hyper index ON on input line 6306.
Package hyperref Info: backreferencing OFF on input line 6313.
Package hyperref Info: Link coloring ON on input line 6316.
Package hyperref Info: Link coloring with OCG OFF on input line 6323.
Package hyperref Info: PDF/A mode OFF on input line 6328.
LaTeX Info: Redefining \ref on input line 6368.
LaTeX Info: Redefining \pageref on input line 6372.
\Hy@abspage=\count284
\c@Item=\count285
\c@Hfootnote=\count286
)

Package hyperref Message: Driver (autodetected): hpdftex.

(/usr/local/texlive/2016/texmf-dist/tex/latex/hyperref/hpdftex.def
File: hpdftex.def 2016/05/05 v6.83n Hyperref driver for pdfTeX
\Fld@listcount=\count287
\c@bookmark@seq@number=\count288

(/usr/local/texlive/2016/texmf-dist/tex/latex/oberdiek/rerunfilecheck.sty
Package: rerunfilecheck 2016/05/16 v1.8 Rerun checks for auxiliary files (HO)
Package uniquecounter Info: New unique counter `rerunfilecheck' on input line 2
82.
)
\Hy@SectionHShift=\skip106
)
(/usr/local/texlive/2016/texmf-dist/tex/latex/oberdiek/hypcap.sty
Package: hypcap 2016/05/16 v1.12 Adjusting the anchors of captions (HO)
)
(./thesis.aux (./tex/abstract.aux))
\openout1 = `thesis.aux'.

LaTeX Font Info:    Checking defaults for OML/cmm/m/it on input line 126.
LaTeX Font Info:    ... okay on input line 126.
LaTeX Font Info:    Checking defaults for T1/cmr/m/n on input line 126.
LaTeX Font Info:    ... okay on input line 126.
LaTeX Font Info:    Checking defaults for OT1/cmr/m/n on input line 126.
LaTeX Font Info:    ... okay on input line 126.
LaTeX Font Info:    Checking defaults for OMS/cmsy/m/n on input line 126.
LaTeX Font Info:    ... okay on input line 126.
LaTeX Font Info:    Checking defaults for OMX/cmex/m/n on input line 126.
LaTeX Font Info:    ... okay on input line 126.
LaTeX Font Info:    Checking defaults for U/cmr/m/n on input line 126.
LaTeX Font Info:    ... okay on input line 126.
LaTeX Font Info:    Checking defaults for PD1/pdf/m/n on input line 126.
LaTeX Font Info:    ... okay on input line 126.
LaTeX Font Info:    Try loading font information for OT1+ptm on input line 126.


(/usr/local/texlive/2016/texmf-dist/tex/latex/psnfss/ot1ptm.fd
File: ot1ptm.fd 2001/06/04 font definitions for OT1/ptm.
)
.................................................
. chemgreek info: "mapping-activated"
. 
. Activating mapping `upgreek' on line 126.
.................................................

(/usr/local/texlive/2016/texmf-dist/tex/context/base/mkii/supp-pdf.mkii
[Loading MPS to PDF converter (version 2006.09.02).]
\scratchcounter=\count289
\scratchdimen=\dimen198
\scratchbox=\box61
\nofMPsegments=\count290
\nofMParguments=\count291
\everyMPshowfont=\toks26
\MPscratchCnt=\count292
\MPscratchDim=\dimen256
\MPnumerator=\count293
\makeMPintoPDFobject=\count294
\everyMPtoPDFconversion=\toks27
) (/usr/local/texlive/2016/texmf-dist/tex/latex/oberdiek/epstopdf-base.sty
Package: epstopdf-base 2016/05/15 v2.6 Base part for package epstopdf

(/usr/local/texlive/2016/texmf-dist/tex/latex/oberdiek/grfext.sty
Package: grfext 2016/05/16 v1.2 Manage graphics extensions (HO)
)
Package grfext Info: Graphics extension search list:
(grfext)             [.png,.pdf,.jpg,.mps,.jpeg,.jbig2,.jb2,.PNG,.PDF,.JPG,.JPE
G,.JBIG2,.JB2,.eps]
(grfext)             \AppendGraphicsExtensions on input line 456.

(/usr/local/texlive/2016/texmf-dist/tex/latex/latexconfig/epstopdf-sys.cfg
File: epstopdf-sys.cfg 2010/07/13 v1.3 Configuration of (r)epstopdf for TeX Liv
e
))
Package caption Info: Begin \AtBeginDocument code.
Package caption Info: floatrow package is loaded.
Package caption Info: hyperref package is loaded.
Package caption Info: hypcap package is loaded.
Package caption Info: listings package is loaded.
Package caption Info: sidecap package is loaded.
Package caption Info: End \AtBeginDocument code.

(/usr/local/texlive/2016/texmf-dist/tex/latex/ms/ragged2e.sty
Package: ragged2e 2009/05/21 v2.1 ragged2e Package (MS)

(/usr/local/texlive/2016/texmf-dist/tex/latex/ms/everysel.sty
Package: everysel 2011/10/28 v1.2 EverySelectfont Package (MS)

ABD: EverySelectfont initializing macros
LaTeX Info: Redefining \selectfont on input line 126.
)
\CenteringLeftskip=\skip107
\RaggedLeftLeftskip=\skip108
\RaggedRightLeftskip=\skip109
\CenteringRightskip=\skip110
\RaggedLeftRightskip=\skip111
\RaggedRightRightskip=\skip112
\CenteringParfillskip=\skip113
\RaggedLeftParfillskip=\skip114
\RaggedRightParfillskip=\skip115
\JustifyingParfillskip=\skip116
\CenteringParindent=\skip117
\RaggedLeftParindent=\skip118
\RaggedRightParindent=\skip119
\JustifyingParindent=\skip120
)
\c@lstlisting=\count295
\AtBeginShipoutBox=\box62
Package hyperref Info: Link coloring ON on input line 126.

(/usr/local/texlive/2016/texmf-dist/tex/latex/hyperref/nameref.sty
Package: nameref 2012/10/27 v2.43 Cross-referencing by name of section

(/usr/local/texlive/2016/texmf-dist/tex/generic/oberdiek/gettitlestring.sty
Package: gettitlestring 2016/05/16 v1.5 Cleanup title references (HO)
)
\c@section@level=\count296
)
LaTeX Info: Redefining \ref on input line 126.
LaTeX Info: Redefining \pageref on input line 126.
LaTeX Info: Redefining \nameref on input line 126.

(./thesis.out) (./thesis.out)
\@outlinefile=\write5
\openout5 = `thesis.out'.

 [1


{/usr/local/texlive/2016/texmf-var/fonts/map/pdftex/updmap/pdftex.map}]
LaTeX Font Info:    Try loading font information for OMS+ptm on input line 155.


(/usr/local/texlive/2016/texmf-dist/tex/latex/psnfss/omsptm.fd
File: omsptm.fd 
)
LaTeX Font Info:    Font shape `OMS/ptm/m/n' in size <12> not available
(Font)              Font shape `OMS/cmsy/m/n' tried instead on input line 155.
 [2]
\openout2 = `tex/abstract.aux'.


(./tex/abstract.tex
LaTeX Font Info:    Font shape `OT1/ptm/bx/n' in size <12> not available
(Font)              Font shape `OT1/ptm/b/n' tried instead on input line 14.
 [-1


]
LaTeX Font Info:    Try loading font information for OT1+pcr on input line 14.

(/usr/local/texlive/2016/texmf-dist/tex/latex/psnfss/ot1pcr.fd
File: ot1pcr.fd 2001/06/04 font definitions for OT1/pcr.
)
Overfull \hbox (33.07843pt too wide) in paragraph at lines 14--14
\OT1/pcr/m/n/12 approxposterior \OT1/ptm/m/n/12 to the TRAPPIST-1 in-fer-ence p
rob-lem and demon-strate that \OT1/pcr/m/n/12 approxposterior
 []


Underfull \vbox (badness 10000) has occurred while \output is active []

pdfTeX warning (ext4): destination with the same identifier (name{page.}) has b
een already used, duplicate ignored
<to be read again> 
                   \relax 
l.14 }
       [0]pdfTeX warning (ext4): destination with the same identifier (name{pag
e.i}) has been already used, duplicate ignored
<to be read again> 
                   \relax 
l.14 }
       [1])
LaTeX Font Info:    Font shape `OT1/ptm/bx/n' in size <14.4> not available
(Font)              Font shape `OT1/ptm/b/n' tried instead on input line 171.
 (./thesis.toc
LaTeX Font Info:    Try loading font information for OT1+ztmcm on input line 1.


(/usr/local/texlive/2016/texmf-dist/tex/latex/psnfss/ot1ztmcm.fd
File: ot1ztmcm.fd 2000/01/03 Fontinst v1.801 font definitions for OT1/ztmcm.
)
LaTeX Font Info:    Try loading font information for OML+ztmcm on input line 1.


(/usr/local/texlive/2016/texmf-dist/tex/latex/psnfss/omlztmcm.fd
File: omlztmcm.fd 2000/01/03 Fontinst v1.801 font definitions for OML/ztmcm.
)
LaTeX Font Info:    Try loading font information for OMS+ztmcm on input line 1.


(/usr/local/texlive/2016/texmf-dist/tex/latex/psnfss/omsztmcm.fd
File: omsztmcm.fd 2000/01/03 Fontinst v1.801 font definitions for OMS/ztmcm.
)
LaTeX Font Info:    Try loading font information for OMX+ztmcm on input line 1.


(/usr/local/texlive/2016/texmf-dist/tex/latex/psnfss/omxztmcm.fd
File: omxztmcm.fd 2000/01/03 Fontinst v1.801 font definitions for OMX/ztmcm.
)
LaTeX Font Info:    Font shape `OT1/ptm/bx/n' in size <9> not available
(Font)              Font shape `OT1/ptm/b/n' tried instead on input line 1.
LaTeX Font Info:    Font shape `OT1/ptm/bx/n' in size <7> not available
(Font)              Font shape `OT1/ptm/b/n' tried instead on input line 1.
pdfTeX warning (ext4): destination with the same identifier (name{page.i}) has 
been already used, duplicate ignored
<to be read again> 
                   \relax 
l.28 ...of Circumbinary Exoplanets}{43}{chapter.3}
                                                   [1




]pdfTeX warning (ext4): destination with the same identifier (name{page.ii}) ha
s been already used, duplicate ignored
<to be read again> 
                   \relax 
l.72 ...rline {4.1}Introduction}{103}{section.4.1}
                                                   [2]
Overfull \hbox (10.67445pt too wide) in paragraph at lines 101--101
 [][] [][][]\OT1/ptm/m/n/12 Fast and Ac-cu-rate Ap-prox-i-mate Bayesian In-fer-
ence with \OT1/pcr/m/n/12 approxposterior[][] [][]  
 []

[3])
\tf@toc=\write6
\openout6 = `thesis.toc'.

 [4] (./thesis.lof
Underfull \vbox (badness 2197) has occurred while \output is active []

 [5

]
Underfull \vbox (badness 10000) has occurred while \output is active []

 [6]
Overfull \hbox (4.35434pt too wide) in paragraph at lines 21--21
 \OML/ztmcm/m/it/12 e \OT1/ztmcm/m/n/12 = 0\OML/ztmcm/m/it/12 :\OT1/ztmcm/m/n/1
2 05$ \OT1/ptm/m/n/12 (\OT1/ptm/m/it/12 Left\OT1/ptm/m/n/12 ) and $\OML/ztmcm/m
/it/12 e \OT1/ztmcm/m/n/12 = 0\OML/ztmcm/m/it/12 :\OT1/ztmcm/m/n/12 15$ \OT1/pt
m/m/n/12 (\OT1/ptm/m/it/12 Right\OT1/ptm/m/n/12 ). The white lines are con-tour
s in $\OML/ztmcm/m/it/12 a[]$\OT1/ptm/m/n/12 /$\OML/ztmcm/m/it/12 a[]$\OT1/ptm/
m/n/12 . 
 []

[7] [8] [9]
Underfull \vbox (badness 10000) has occurred while \output is active []

 [10]
Underfull \vbox (badness 10000) has occurred while \output is active []

 [11]
Overfull \hbox (15.03177pt too wide) in paragraph at lines 52--52
 [][] [][][]\OT1/ptm/m/n/12 Same for-mat as Fig. [][]6.1[][], but de-rived by \
OT1/pcr/m/n/12 approxposterior\OT1/ptm/m/n/12 . \OT1/pcr/m/n/12 approxposterior
 
 []

)
\tf@lof=\write7
\openout7 = `thesis.lof'.

 [12] (./thesis.lot)
\tf@lot=\write8
\openout8 = `thesis.lot'.

 [13

] [14

] [15

]
<<1>>
(./tex/intro.tex
LaTeX Font Info:    Font shape `OT1/ptm/bx/sl' in size <12> not available
(Font)              Font shape `OT1/ptm/b/sl' tried instead on input line 2.
 [1



] [2]) [3]
<<2>>
(./tex/CBDisk/cbdisk.tex
LaTeX Font Info:    Font shape `OMS/ptm/m/it' in size <12> not available
(Font)              Font shape `OMS/cmsy/m/n' tried instead on input line 1.
 [4

] [5] [6] [7]
LaTeX Font Info:    Font shape `OT1/ptm/bx/n' in size <10> not available
(Font)              Font shape `OT1/ptm/b/n' tried instead on input line 60.
LaTeX Font Info:    Font shape `OT1/ptm/bx/n' in size <7.4> not available
(Font)              Font shape `OT1/ptm/b/n' tried instead on input line 60.
LaTeX Font Info:    Font shape `OT1/ptm/bx/n' in size <6> not available
(Font)              Font shape `OT1/ptm/b/n' tried instead on input line 60.

Overfull \hbox (55.99289pt too wide) in paragraph at lines 60--60
[][][]\OT1/ptm/m/n/10 A pub-lic ver-sion of ChaNGa is avail-able from \OT1/pcr/
m/n/10 http://www-hpcc.astro.washington.edu/tools/changa.html\OT1/ptm/m/n/10 .|
 
 []

[8]
Underfull \vbox (badness 10000) has occurred while \output is active []

 [9]
Underfull \vbox (badness 1924) has occurred while \output is active []

 [10]
<tex/CBDisk/f1.pdf, id=1295, 650.43pt x 578.16pt>
File: tex/CBDisk/f1.pdf Graphic file (type pdf)
 <use tex/CBDisk/f1.pdf>
Package pdftex.def Info: tex/CBDisk/f1.pdf used on input line 154.
(pdftex.def)             Requested size: 470.295pt x 418.0481pt.

[11] [12 <./tex/CBDisk/f1.pdf>]
<tex/CBDisk/f2.pdf, id=1329, 650.43pt x 578.16pt>
File: tex/CBDisk/f2.pdf Graphic file (type pdf)
 <use tex/CBDisk/f2.pdf>
Package pdftex.def Info: tex/CBDisk/f2.pdf used on input line 225.
(pdftex.def)             Requested size: 470.295pt x 418.0481pt.

[13] [14 <./tex/CBDisk/f2.pdf>]
Underfull \vbox (badness 7963) has occurred while \output is active []

 [15]
<tex/CBDisk/f3.pdf, id=1378, 650.43pt x 578.16pt>
File: tex/CBDisk/f3.pdf Graphic file (type pdf)
 <use tex/CBDisk/f3.pdf>
Package pdftex.def Info: tex/CBDisk/f3.pdf used on input line 263.
(pdftex.def)             Requested size: 470.295pt x 418.0481pt.

[16] [17 <./tex/CBDisk/f3.pdf>]
<tex/CBDisk/f4.pdf, id=1405, 650.43pt x 578.16pt>
File: tex/CBDisk/f4.pdf Graphic file (type pdf)
 <use tex/CBDisk/f4.pdf>
Package pdftex.def Info: tex/CBDisk/f4.pdf used on input line 284.
(pdftex.def)             Requested size: 470.295pt x 418.0481pt.

[18] [19 <./tex/CBDisk/f4.pdf>]
<tex/CBDisk/f5.pdf, id=1435, 1030.85126pt x 462.72874pt>
File: tex/CBDisk/f5.pdf Graphic file (type pdf)

<use tex/CBDisk/f5.pdf>
Package pdftex.def Info: tex/CBDisk/f5.pdf used on input line 335.
(pdftex.def)             Requested size: 470.295pt x 211.10675pt.
 [20] [21 <./tex/CBDisk/f5.pdf>]
<tex/CBDisk/f6.pdf, id=1451, 1030.85126pt x 920.43875pt>
File: tex/CBDisk/f6.pdf Graphic file (type pdf)

<use tex/CBDisk/f6.pdf>
Package pdftex.def Info: tex/CBDisk/f6.pdf used on input line 365.
(pdftex.def)             Requested size: 470.295pt x 419.92387pt.
 [22] [23 <./tex/CBDisk/f6.pdf>]
Underfull \vbox (badness 10000) has occurred while \output is active []

 [24]
<tex/CBDisk/f7.pdf, id=1520, 650.43pt x 578.16pt>
File: tex/CBDisk/f7.pdf Graphic file (type pdf)
 <use tex/CBDisk/f7.pdf>
Package pdftex.def Info: tex/CBDisk/f7.pdf used on input line 422.
(pdftex.def)             Requested size: 470.295pt x 418.0481pt.

Underfull \vbox (badness 7704) has occurred while \output is active []

 [25]
[26 <./tex/CBDisk/f7.pdf>] <tex/CBDisk/f8.pdf, id=1554, 650.43pt x 578.16pt>
File: tex/CBDisk/f8.pdf Graphic file (type pdf)

<use tex/CBDisk/f8.pdf>
Package pdftex.def Info: tex/CBDisk/f8.pdf used on input line 454.
(pdftex.def)             Requested size: 470.295pt x 418.0481pt.
 [27] [28 <./tex/CBDisk/f8.pdf>]
Underfull \vbox (badness 10000) has occurred while \output is active []

 [29]
[30] [31] [32] [33] [34] <tex/CBDisk/f9.pdf, id=1706, 1156.32pt x 1011.78pt>
File: tex/CBDisk/f9.pdf Graphic file (type pdf)

<use tex/CBDisk/f9.pdf>
Package pdftex.def Info: tex/CBDisk/f9.pdf used on input line 622.
(pdftex.def)             Requested size: 470.295pt x 411.49777pt.

Underfull \vbox (badness 10000) has occurred while \output is active []

 [35]
[36 <./tex/CBDisk/f9.pdf>]
Underfull \vbox (badness 7704) has occurred while \output is active []

 [37]
[38] [39] [40])
Overfull \hbox (26.82518pt too wide) in paragraph at lines 738--210
\OT1/ptm/m/n/12 sys-tem at the Uni-ver-sity of Wash-ing-ton. We made use of \OT
1/ptm/m/it/12 pyn-body \OT1/ptm/m/n/12 (https://github.com/pynbody/pynbody)
 []

[41] [42]
<<3>>
(./tex/STEEP/bin_tides.tex [43

] [44] [45]

LaTeX Warning: No positions in optional float specifier.
               Default added (so using `tbp') on input line 38.

<tex/STEEP/observed_acrit.pdf, id=1959, 569.51363pt x 512.69955pt>
File: tex/STEEP/observed_acrit.pdf Graphic file (type pdf)

<use tex/STEEP/observed_acrit.pdf>
Package pdftex.def Info: tex/STEEP/observed_acrit.pdf used on input line 39.
(pdftex.def)             Requested size: 470.295pt x 423.38132pt.

Underfull \vbox (badness 10000) has occurred while \output is active []

 [46]
[47 <./tex/STEEP/observed_acrit.pdf>] [48]
LaTeX Font Info:    Font shape `OT1/pcr/m/it' in size <12> not available
(Font)              Font shape `OT1/pcr/m/sl' tried instead on input line 96.
 [49] [50]
Underfull \vbox (badness 10000) has occurred while \output is active []

 [51]
<tex/STEEP/stellar_example.pdf, id=2121, 1091.86203pt x 512.69955pt>
File: tex/STEEP/stellar_example.pdf Graphic file (type pdf)

<use tex/STEEP/stellar_example.pdf>
Package pdftex.def Info: tex/STEEP/stellar_example.pdf used on input line 160.
(pdftex.def)             Requested size: 470.295pt x 220.83202pt.

Underfull \vbox (badness 10000) has occurred while \output is active []

 [52]
[53 <./tex/STEEP/stellar_example.pdf>]
Underfull \vbox (badness 5175) has occurred while \output is active []

 [54]
Underfull \vbox (badness 10000) has occurred while \output is active []

 [55]
[56] <tex/STEEP/eqtide_example.pdf, id=2241, 1073.59688pt x 512.69955pt>
File: tex/STEEP/eqtide_example.pdf Graphic file (type pdf)

<use tex/STEEP/eqtide_example.pdf>
Package pdftex.def Info: tex/STEEP/eqtide_example.pdf used on input line 230.
(pdftex.def)             Requested size: 470.295pt x 224.58713pt.
 [57] [58 <./tex/STEEP/eqtide_example.pdf>]
[59]
LaTeX Font Info:    Font shape `OT1/ptm/bx/n' in size <10.95> not available
(Font)              Font shape `OT1/ptm/b/n' tried instead on input line 268.
LaTeX Font Info:    Font shape `OT1/ptm/bx/n' in size <8> not available
(Font)              Font shape `OT1/ptm/b/n' tried instead on input line 268.

Underfull \vbox (badness 10000) has occurred while \output is active []

 [60]
<tex/STEEP/conservation.pdf, id=2343, 1106.69919pt x 517.867pt>
File: tex/STEEP/conservation.pdf Graphic file (type pdf)

<use tex/STEEP/conservation.pdf>
Package pdftex.def Info: tex/STEEP/conservation.pdf used on input line 287.
(pdftex.def)             Requested size: 470.295pt x 220.0708pt.
 [61 <./tex/STEEP/conservation.pdf>]
Underfull \vbox (badness 7704) has occurred while \output is active []

 [62]

./tex/STEEP/bin_tides.tex:317: Package array Error:  Illegal pream-token (\stri
ng): `c' used.

See the array package documentation for explanation.
Type  H <return>  for immediate help.
 ...                                              
                                                  
l.317 \startdata
                
? 
Table 3.1 has been set to width 470.295pt
[63] [64]
Underfull \vbox (badness 10000) has occurred while \output is active []

 [65]
[66]

./tex/STEEP/bin_tides.tex:364: Package array Error:  Illegal pream-token (\stri
ng): `c' used.

See the array package documentation for explanation.
Type  H <return>  for immediate help.
 ...                                              
                                                  
l.364 \startdata
                
? 
Table 3.2 has been set to width 470.295pt
[67] [68] [69] [70]
<tex/STEEP/example.pdf, id=2526, 479.28745pt x 1052.67644pt>
File: tex/STEEP/example.pdf Graphic file (type pdf)

<use tex/STEEP/example.pdf>
Package pdftex.def Info: tex/STEEP/example.pdf used on input line 414.
(pdftex.def)             Requested size: 239.64313pt x 526.33693pt.


LaTeX Warning: Float too large for page by 20.36693pt on input line 417.

[71] [72 <./tex/STEEP/example.pdf>] [73]
<tex/STEEP/var_Q.pdf, id=2571, 1269.84422pt x 1116.57152pt>
File: tex/STEEP/var_Q.pdf Graphic file (type pdf)

<use tex/STEEP/var_Q.pdf>
Package pdftex.def Info: tex/STEEP/var_Q.pdf used on input line 432.
(pdftex.def)             Requested size: 470.295pt x 413.53389pt.
 [74] [75 <./tex/STEEP/var_Q.pdf>]
<tex/STEEP/var_rg.pdf, id=2600, 1249.64609pt x 1116.57152pt>
File: tex/STEEP/var_rg.pdf Graphic file (type pdf)

<use tex/STEEP/var_rg.pdf>
Package pdftex.def Info: tex/STEEP/var_rg.pdf used on input line 450.
(pdftex.def)             Requested size: 470.295pt x 420.21259pt.

Overfull \hbox (23.7494pt too wide) in paragraph at lines 459--460
[][]\OT1/ptm/m/n/12 Repetto and Nele-mans[][] ([][]2014[][]) mag-netic brak-ing
 model yield-ing slightly larger val-ues of $\OML/ztmcm/m/it/12 a[]$\OT1/ptm/m/
n/12 /$\OML/ztmcm/m/it/12 a[]$\OT1/ptm/m/n/12 .
 []

[76] [77 <./tex/STEEP/var_rg.pdf>]
<tex/STEEP/var_MB.pdf, id=2644, 1269.84422pt x 1116.57152pt>
File: tex/STEEP/var_MB.pdf Graphic file (type pdf)

<use tex/STEEP/var_MB.pdf>
Package pdftex.def Info: tex/STEEP/var_MB.pdf used on input line 462.
(pdftex.def)             Requested size: 470.295pt x 413.53389pt.

<tex/STEEP/GG_contour.pdf, id=2660, 1250.91559pt x 538.67245pt>
File: tex/STEEP/GG_contour.pdf Graphic file (type pdf)

<use tex/STEEP/GG_contour.pdf>
Package pdftex.def Info: tex/STEEP/GG_contour.pdf used on input line 474.
(pdftex.def)             Requested size: 470.295pt x 202.5195pt.
 [78] [79 <./tex/STEEP/var_MB.pdf>] [80 <./tex/STEEP/GG_contour.pdf>] <tex/STEE
P/mc_uniform.pdf, id=2709, 650.43pt x 578.16pt>
File: tex/STEEP/mc_uniform.pdf Graphic file (type pdf)

<use tex/STEEP/mc_uniform.pdf>
Package pdftex.def Info: tex/STEEP/mc_uniform.pdf used on input line 492.
(pdftex.def)             Requested size: 470.295pt x 418.0481pt.
 [81] [82 <./tex/STEEP/mc_uniform.pdf>]
<tex/STEEP/ecc_comp.pdf, id=2735, 479.28745pt x 1056.8022pt>
File: tex/STEEP/ecc_comp.pdf Graphic file (type pdf)

<use tex/STEEP/ecc_comp.pdf>
Package pdftex.def Info: tex/STEEP/ecc_comp.pdf used on input line 504.
(pdftex.def)             Requested size: 239.64313pt x 528.39981pt.


LaTeX Warning: Float too large for page by 36.92981pt on input line 507.


Package hyperref Warning: Token not allowed in a PDF string (PDFDocEncoding):
(hyperref)                removing `math shift' on input line 509.


Package hyperref Warning: Token not allowed in a PDF string (PDFDocEncoding):
(hyperref)                removing `subscript' on input line 509.


Package hyperref Warning: Token not allowed in a PDF string (PDFDocEncoding):
(hyperref)                removing `math shift' on input line 509.

[83] [84 <./tex/STEEP/ecc_comp.pdf>]
<tex/STEEP/obs_acrit.pdf, id=2788, 1103.32747pt x 517.867pt>
File: tex/STEEP/obs_acrit.pdf Graphic file (type pdf)

<use tex/STEEP/obs_acrit.pdf>
Package pdftex.def Info: tex/STEEP/obs_acrit.pdf used on input line 522.
(pdftex.def)             Requested size: 470.295pt x 220.74248pt.

Underfull \vbox (badness 5231) has occurred while \output is active []

 [85 <./tex/STEEP/obs_acrit.pdf>]
<tex/STEEP/acrit_hist.pdf, id=2808, 601.17726pt x 493.91518pt>
File: tex/STEEP/acrit_hist.pdf Graphic file (type pdf)

<use tex/STEEP/acrit_hist.pdf>
Package pdftex.def Info: tex/STEEP/acrit_hist.pdf used on input line 532.
(pdftex.def)             Requested size: 470.295pt x 386.39029pt.

<tex/STEEP/opt.pdf, id=2813, 1261.11153pt x 1117.71863pt>
File: tex/STEEP/opt.pdf Graphic file (type pdf)

<use tex/STEEP/opt.pdf>
Package pdftex.def Info: tex/STEEP/opt.pdf used on input line 544.
(pdftex.def)             Requested size: 470.295pt x 416.82397pt.
 [86] [87 <./tex/STEEP/acrit_hist.pdf>] [88] [89 <./tex/STEEP/opt.pdf>]

./tex/STEEP/bin_tides.tex:569: Package array Error:  Illegal pream-token (\stri
ng): `c' used.

See the array package documentation for explanation.
Type  H <return>  for immediate help.
 ...                                              
                                                  
l.569 \startdata
                
? 
Table 3.3 has been set to width 170.72699pt
[90]

./tex/STEEP/bin_tides.tex:596: Package array Error:  Illegal pream-token (\stri
ng): `c' used.

See the array package documentation for explanation.
Type  H <return>  for immediate help.
 ...                                              
                                                  
l.596 \startdata
                
? 

Overfull \hbox (43.13602pt too wide) in paragraph at lines 596--603
 [][] 
 []


Overfull \hbox (43.13602pt too wide) in paragraph at lines 603--603
 []$[]$ 
 []

Table 3.4 has been set to width 513.43102pt
[91] [92] [93]
<tex/STEEP/nbody_transit.pdf, id=2916, 1485.85976pt x 509.96681pt>
File: tex/STEEP/nbody_transit.pdf Graphic file (type pdf)

<use tex/STEEP/nbody_transit.pdf>
Package pdftex.def Info: tex/STEEP/nbody_transit.pdf used on input line 620.
(pdftex.def)             Requested size: 470.295pt x 161.41075pt.

Underfull \vbox (badness 10000) has occurred while \output is active []

 [94 <./tex/STEEP/nbody_transit.pdf>] [95]
<tex/STEEP/kepler47.pdf, id=2956, 1103.32747pt x 512.69955pt>
File: tex/STEEP/kepler47.pdf Graphic file (type pdf)

<use tex/STEEP/kepler47.pdf>
Package pdftex.def Info: tex/STEEP/kepler47.pdf used on input line 640.
(pdftex.def)             Requested size: 470.295pt x 218.53983pt.

Underfull \vbox (badness 10000) has occurred while \output is active []

 [96]
[97 <./tex/STEEP/kepler47.pdf>]
Underfull \vbox (badness 7595) has occurred while \output is active []

 [98]
[99] [100] [101]) [102]
<<4>>
LaTeX Font Info:    Font shape `OT1/ptm/bx/it' in size <14.4> not available
(Font)              Font shape `OT1/ptm/b/it' tried instead on input line 216.
(./tex/sync/sync.tex [103

] [104] [105] [106] [107]
<tex/sync/stellarExample.pdf, id=3295, 1406.63518pt x 390.44763pt>
File: tex/sync/stellarExample.pdf Graphic file (type pdf)

<use tex/sync/stellarExample.pdf>
Package pdftex.def Info: tex/sync/stellarExample.pdf used on input line 77.
(pdftex.def)             Requested size: 470.295pt x 130.5401pt.
 [108] [109 <./tex/sync/stellarExample.pdf>]
Underfull \vbox (badness 10000) has occurred while \output is active []

 [110]
[111] [112] [113] [114] [115]
<tex/sync/tidalExample.pdf, id=3490, 401.35947pt x 1050.3881pt>
File: tex/sync/tidalExample.pdf Graphic file (type pdf)

<use tex/sync/tidalExample.pdf>
Package pdftex.def Info: tex/sync/tidalExample.pdf used on input line 227.
(pdftex.def)             Requested size: 200.67923pt x 525.19276pt.


LaTeX Warning: Float too large for page by 33.72276pt on input line 230.

[116] [117 <./tex/sync/tidalExample.pdf>]
Underfull \vbox (badness 5133) has occurred while \output is active []

 [118]
[119] <tex/sync/analyticTorque.pdf, id=3626, 445.66083pt x 341.76279pt>
File: tex/sync/analyticTorque.pdf Graphic file (type pdf)

<use tex/sync/analyticTorque.pdf>
Package pdftex.def Info: tex/sync/analyticTorque.pdf used on input line 277.
(pdftex.def)             Requested size: 470.295pt x 360.65543pt.
 [120] [121 <./tex/sync/analyticTorque.pdf>]
<tex/sync/eqPerTwoPanelMatt.pdf, id=3665, 968.05089pt x 395.56361pt>
File: tex/sync/eqPerTwoPanelMatt.pdf Graphic file (type pdf)

<use tex/sync/eqPerTwoPanelMatt.pdf>
Package pdftex.def Info: tex/sync/eqPerTwoPanelMatt.pdf used on input line 292.

(pdftex.def)             Requested size: 470.295pt x 192.17404pt.
 [122 <./tex/sync/eqPerTwoPanelMatt.pdf>]

Package hyperref Warning: Token not allowed in a PDF string (PDFDocEncoding):
(hyperref)                removing `math shift' on input line 316.


Package hyperref Warning: Token not allowed in a PDF string (PDFDocEncoding):
(hyperref)                removing `subscript' on input line 316.


Package hyperref Warning: Token not allowed in a PDF string (PDFDocEncoding):
(hyperref)                removing `math shift' on input line 316.


Package hyperref Warning: Token not allowed in a PDF string (PDFDocEncoding):
(hyperref)                removing `math shift' on input line 316.


Package hyperref Warning: Token not allowed in a PDF string (PDFDocEncoding):
(hyperref)                removing `math shift' on input line 316.


Package hyperref Warning: Token not allowed in a PDF string (PDFDocEncoding):
(hyperref)                removing `math shift' on input line 316.


Package hyperref Warning: Token not allowed in a PDF string (PDFDocEncoding):
(hyperref)                removing `\tau' on input line 316.


Package hyperref Warning: Token not allowed in a PDF string (PDFDocEncoding):
(hyperref)                removing `math shift' on input line 316.

[123] <tex/sync/qTauPorbRatioHist.pdf, id=3716, 1243.36003pt x 550.59492pt>
File: tex/sync/qTauPorbRatioHist.pdf Graphic file (type pdf)

<use tex/sync/qTauPorbRatioHist.pdf>
Package pdftex.def Info: tex/sync/qTauPorbRatioHist.pdf used on input line 325.

(pdftex.def)             Requested size: 470.295pt x 208.26208pt.

<tex/sync/porbProtPorbQHist.pdf, id=3717, 690.74002pt x 531.53072pt>
File: tex/sync/porbProtPorbQHist.pdf Graphic file (type pdf)

<use tex/sync/porbProtPorbQHist.pdf>
Package pdftex.def Info: tex/sync/porbProtPorbQHist.pdf used on input line 334.

(pdftex.def)             Requested size: 470.295pt x 361.90651pt.

Underfull \vbox (badness 6961) has occurred while \output is active []

 [124 <./tex/sync/qTauPorbRatioHist.pdf>] [125 <./tex/sync/porbProtPorbQHist.pd
f>]
<tex/sync/porbProtPorbTauHist.pdf, id=3762, 710.1845pt x 531.53072pt>
File: tex/sync/porbProtPorbTauHist.pdf Graphic file (type pdf)

<use tex/sync/porbProtPorbTauHist.pdf>
Package pdftex.def Info: tex/sync/porbProtPorbTauHist.pdf used on input line 34
4.
(pdftex.def)             Requested size: 470.295pt x 351.99548pt.
 [126] [127 <./tex/sync/porbProtPorbTauHist.pdf>] <tex/sync/eqPerShortPorbMatt.
pdf, id=3804, 591.50006pt x 529.05835pt>
File: tex/sync/eqPerShortPorbMatt.pdf Graphic file (type pdf)

<use tex/sync/eqPerShortPorbMatt.pdf>
Package pdftex.def Info: tex/sync/eqPerShortPorbMatt.pdf used on input line 358
.
(pdftex.def)             Requested size: 470.295pt x 420.66396pt.


Package hyperref Warning: Token not allowed in a PDF string (PDFDocEncoding):
(hyperref)                removing `math shift' on input line 368.


Package hyperref Warning: Token not allowed in a PDF string (PDFDocEncoding):
(hyperref)                removing `subscript' on input line 368.


Package hyperref Warning: Token not allowed in a PDF string (PDFDocEncoding):
(hyperref)                removing `math shift' on input line 368.

[128] [129 <./tex/sync/eqPerShortPorbMatt.pdf>]
<tex/sync/lockedCPL.pdf, id=3858, 596.06pt x 553.29826pt>
File: tex/sync/lockedCPL.pdf Graphic file (type pdf)

<use tex/sync/lockedCPL.pdf>
Package pdftex.def Info: tex/sync/lockedCPL.pdf used on input line 373.
(pdftex.def)             Requested size: 470.295pt x 436.56894pt.

<tex/sync/lockedCTL.pdf, id=3861, 596.06pt x 553.29826pt>
File: tex/sync/lockedCTL.pdf Graphic file (type pdf)

<use tex/sync/lockedCTL.pdf>
Package pdftex.def Info: tex/sync/lockedCTL.pdf used on input line 381.
(pdftex.def)             Requested size: 470.295pt x 436.56894pt.
 [130] [131 <./tex/sync/lockedCPL.pdf>] [132 <./tex/sync/lockedCTL.pdf>]
<tex/sync/lockedProtHist.pdf, id=3919, 609.16475pt x 539.36626pt>
File: tex/sync/lockedProtHist.pdf Graphic file (type pdf)

<use tex/sync/lockedProtHist.pdf>
Package pdftex.def Info: tex/sync/lockedProtHist.pdf used on input line 391.
(pdftex.def)             Requested size: 470.295pt x 416.4079pt.


Package hyperref Warning: Token not allowed in a PDF string (PDFDocEncoding):
(hyperref)                removing `math shift' on input line 396.


Package hyperref Warning: Token not allowed in a PDF string (PDFDocEncoding):
(hyperref)                removing `subscript' on input line 396.


Package hyperref Warning: Token not allowed in a PDF string (PDFDocEncoding):
(hyperref)                removing `math shift' on input line 396.

<tex/sync/protDist.pdf, id=3923, 1774.16574pt x 637.65909pt>
File: tex/sync/protDist.pdf Graphic file (type pdf)

<use tex/sync/protDist.pdf>
Package pdftex.def Info: tex/sync/protDist.pdf used on input line 401.
(pdftex.def)             Requested size: 470.295pt x 169.0275pt.
 [133] [134 <./tex/sync/lockedProtHist.pdf>]
[135 <./tex/sync/protDist.pdf>]
<tex/sync/gyro.pdf, id=3985, 858.48335pt x 420.42375pt>
File: tex/sync/gyro.pdf Graphic file (type pdf)

<use tex/sync/gyro.pdf>
Package pdftex.def Info: tex/sync/gyro.pdf used on input line 413.
(pdftex.def)             Requested size: 470.295pt x 230.3164pt.

Underfull \vbox (badness 10000) has occurred while \output is active []

 [136 <./tex/sync/gyro.pdf>]
<tex/sync/protAgeHist.pdf, id=4009, 594.15659pt x 526.36328pt>
File: tex/sync/protAgeHist.pdf Graphic file (type pdf)

<use tex/sync/protAgeHist.pdf>
Package pdftex.def Info: tex/sync/protAgeHist.pdf used on input line 423.
(pdftex.def)             Requested size: 470.295pt x 416.64969pt.
 [137] [138 <./tex/sync/protAgeHist.pdf>]
[139] <tex/sync/lurieFig7.pdf, id=4069, 1492.6788pt x 490.3341pt>
File: tex/sync/lurieFig7.pdf Graphic file (type pdf)

<use tex/sync/lurieFig7.pdf>
Package pdftex.def Info: tex/sync/lurieFig7.pdf used on input line 474.
(pdftex.def)             Requested size: 470.295pt x 154.486pt.

Underfull \vbox (badness 10000) has occurred while \output is active []

 [140 <./tex/sync/lurieFig7.pdf>] [141] [142] [143] [144]
Overfull \hbox (7.79297pt too wide) in paragraph at lines 551--552
\OT1/ptm/m/n/12 We thank the anony-mous re-viewer for help-ful com-ments that i
m-proved the qual-ity of this manuscript.
 []

[145]) [146]
<<5>>
LaTeX Font Info:    Font shape `OT1/pcr/bx/n' in size <14.4> not available
(Font)              Font shape `OT1/pcr/b/n' tried instead on input line 220.
(./tex/approxposterior/approxposterior.tex [147

]
Underfull \vbox (badness 10000) has occurred while \output is active []

 [148]
Overfull \hbox (12.38945pt too wide) in paragraph at lines 21--22
\OT1/pcr/m/n/12 approxposterior \OT1/ptm/m/n/12 is a Python pack-age for ef-fi-
cient ap-prox-i-mate Bayesian in-fer-ence and Bayesian
 []

[149]
LaTeX Font Info:    Font shape `OT1/pcr/bx/sl' in size <12> not available
(Font)              Font shape `OT1/pcr/b/sl' tried instead on input line 25.

Underfull \vbox (badness 10000) has occurred while \output is active []

 [150]
Underfull \vbox (badness 3260) has occurred while \output is active []

 [151]
[152]
Overfull \hbox (1.33995pt too wide) in paragraph at lines 64--65
\OT1/ptm/m/n/12 on, here \OT1/pcr/m/n/12 VPLanet \OT1/ptm/m/n/12 via $[] \OMS/z
tmcm/m/n/12 L$\OT1/ptm/m/n/12 , is computationally-expensive to run, and hence 
\OT1/pcr/m/n/12 approxposterior
 []

[153] <tex/approxposterior/points.pdf, id=4292, 835.92433pt x 850.29718pt>
File: tex/approxposterior/points.pdf Graphic file (type pdf)

<use tex/approxposterior/points.pdf>
Package pdftex.def Info: tex/approxposterior/points.pdf used on input line 77.
(pdftex.def)             Requested size: 470.295pt x 478.3818pt.

Underfull \vbox (badness 10000) has occurred while \output is active []

 [154]
[155 <./tex/approxposterior/points.pdf>]
Overfull \hbox (30.01613pt too wide) in paragraph at lines 86--87
\OT1/ptm/m/n/12 prox-i-mate marginal pos-te-rior dis-tri-bu-tions over suc-ces-
sive it-er-a-tions. I con-sider an \OT1/pcr/m/n/12 approxposterior
 []

[156]
<tex/approxposterior/convergence.pdf, id=4413, 461.20616pt x 400.37852pt>
File: tex/approxposterior/convergence.pdf Graphic file (type pdf)

<use tex/approxposterior/convergence.pdf>
Package pdftex.def Info: tex/approxposterior/convergence.pdf used on input line
 96.
(pdftex.def)             Requested size: 470.295pt x 408.28294pt.

Overfull \hbox (9.79544pt too wide) in paragraph at lines 106--108
\OT1/ptm/m/n/12 where $[] \OT1/ztmcm/m/n/12 = \OMS/ztmcm/m/n/12 f\OML/ztmcm/m/i
t/12 x[]; x[]\OMS/ztmcm/m/n/12 g$\OT1/ptm/m/n/12 . In prac-tice, \OT1/pcr/m/n/1
2 approxposterior \OT1/ptm/m/n/12 works with the nat-u-ral log-a-rithm of Eqn. 
([][]5.5[][]).
 []


Overfull \hbox (0.90944pt too wide) in paragraph at lines 109--109
[][][]\OT1/ptm/m/n/10 The script is avail-able at [][]https://github.com/dflemi
n3/approxposterior/blob/master/examples/inference/example.py[][]| 
 []

[157] [158 <./tex/approxposterior/convergence.pdf>]
(/usr/local/texlive/2016/texmf-dist/tex/latex/listings/lstlang1.sty
File: lstlang1.sty 2015/06/04 1.6 listings language file
)
(./tex/approxposterior/example.py
LaTeX Font Info:    Font shape `OT1/pcr/bx/n' in size <10> not available
(Font)              Font shape `OT1/pcr/b/n' tried instead on input line 3.

Underfull \vbox (badness 2245) has occurred while \output is active []

 [159])
<tex/approxposterior/finalPosterior.pdf, id=4492, 363.83113pt x 380.89488pt>
File: tex/approxposterior/finalPosterior.pdf Graphic file (type pdf)

<use tex/approxposterior/finalPosterior.pdf>
Package pdftex.def Info: tex/approxposterior/finalPosterior.pdf used on input l
ine 119.
(pdftex.def)             Requested size: 470.295pt x 492.37352pt.

Underfull \vbox (badness 10000) has occurred while \output is active []

 [160]
[161 <./tex/approxposterior/finalPosterior.pdf>] [162]
Overfull \hbox (64.12935pt too wide) in paragraph at lines 138--139
[]\OT1/ptm/m/n/12 Here, I present work-in-progress from Lustig-Yaeger et al, in
 prep, to demon-strate that \OT1/pcr/m/n/12 approxposterior
 []

[163]
<tex/approxposterior/emceeAPComparison.png, id=4624, 501.875pt x 493.34312pt>
File: tex/approxposterior/emceeAPComparison.png Graphic file (type png)

<use tex/approxposterior/emceeAPComparison.png>
Package pdftex.def Info: tex/approxposterior/emceeAPComparison.png used on inpu
t line 144.
(pdftex.def)             Requested size: 470.295pt x 462.32736pt.
 [164] [165 <./tex/approxposterior/emceeAPComparison.png>]) [166]
<<6>>
(./tex/trappist/trappist.tex
Overfull \hbox (4.76527pt too wide) in paragraph at lines 9--10
[]\OT1/ptm/m/n/12 High-energy stel-lar ra-di-a-tion orig-i-nates from the coron
a via the heat-ing of magnetically-confined
 []

[167

] [168] [169] [170] [171]

./tex/trappist/trappist.tex:71: Package array Error:  Illegal pream-token (\str
ing): `c' used.

See the array package documentation for explanation.
Type  H <return>  for immediate help.
 ...                                              
                                                  
l.71 \startdata
               
? 
Table 6.1 has been set to width 330.7932pt
[172]
Underfull \vbox (badness 10000) has occurred while \output is active []

 [173]
Overfull \hbox (41.99289pt too wide) in paragraph at lines 98--99
\OT1/ptm/m/n/12 to the true MCMC-derived pos-te-rior dis-tri-bu-tion for TRAPPI
ST-1's XUV evo-lu-tion. \OT1/pcr/m/n/12 approxposterior\OT1/ptm/m/n/12 ,
 []

[174]
Overfull \hbox (3.44305pt too wide) in paragraph at lines 118--119
[]\OT1/ptm/m/n/12 TRAPPIST-1 likely main-tained a large $\OML/ztmcm/m/it/12 L[]
$ \OT1/ptm/m/n/12 through-out its life-time as we find $\OML/ztmcm/m/it/12 f[] 
\OT1/ztmcm/m/n/12 = \OMS/ztmcm/m/n/12 ^^@\OT1/ztmcm/m/n/12 3\OML/ztmcm/m/it/12 
:\OT1/ztmcm/m/n/12 03[]$
 []

[175] <tex/trappist/trappist1Corner.pdf, id=4926, 835.92433pt x 853.15926pt>
File: tex/trappist/trappist1Corner.pdf Graphic file (type pdf)

<use tex/trappist/trappist1Corner.pdf>
Package pdftex.def Info: tex/trappist/trappist1Corner.pdf used on input line 12
4.
(pdftex.def)             Requested size: 470.295pt x 479.99202pt.
 [176] [177 <./tex/trappist/trappist1Corner.pdf>] <tex/trappist/apCorner.pdf, i
d=5013, 835.92433pt x 850.29718pt>
File: tex/trappist/apCorner.pdf Graphic file (type pdf)

<use tex/trappist/apCorner.pdf>
Package pdftex.def Info: tex/trappist/apCorner.pdf used on input line 144.
(pdftex.def)             Requested size: 470.295pt x 478.3818pt.
 [178] [179 <./tex/trappist/apCorner.pdf>]
<tex/trappist/stacked.pdf, id=5093, 835.53194pt x 830.38754pt>
File: tex/trappist/stacked.pdf Graphic file (type pdf)

<use tex/trappist/stacked.pdf>
Package pdftex.def Info: tex/trappist/stacked.pdf used on input line 159.
(pdftex.def)             Requested size: 470.295pt x 467.40862pt.


./tex/trappist/trappist.tex:175: Package array Error:  Illegal pream-token (\st
ring): `c' used.

See the array package documentation for explanation.
Type  H <return>  for immediate help.
 ...                                              
                                                  
l.175 \startdata
                
? 

Overfull \hbox (9.18456pt too wide) in alignment at lines 175--182
[] [] [] [] [] []
 []

Table 6.2 has been set to width 470.295pt
<tex/trappist/trappist1Evol.pdf, id=5097, 1482.41168pt x 396.07915pt>
File: tex/trappist/trappist1Evol.pdf Graphic file (type pdf)

<use tex/trappist/trappist1Evol.pdf>
Package pdftex.def Info: tex/trappist/trappist1Evol.pdf used on input line 191.

(pdftex.def)             Requested size: 470.295pt x 125.654pt.
 [180] [181 <./tex/trappist/stacked.pdf>]
[182 <./tex/trappist/trappist1Evol.pdf>] [183]
<tex/trappist/fluxes.pdf, id=5196, 421.9784pt x 453.26088pt>
File: tex/trappist/fluxes.pdf Graphic file (type pdf)

<use tex/trappist/fluxes.pdf>
Package pdftex.def Info: tex/trappist/fluxes.pdf used on input line 205.
(pdftex.def)             Requested size: 470.295pt x 505.1658pt.

Overfull \hbox (2.23492pt too wide) in paragraph at lines 218--219
[]\OT1/ptm/m/n/12 We demon-strated that the open source Python ma-chine learn-i
ng pack-age, \OT1/pcr/m/n/12 approxposterior
 []

[184] [185 <./tex/trappist/fluxes.pdf>]) [186] [187]
<<7>>
(./tex/conclusions.tex
Underfull \vbox (badness 3815) has occurred while \output is active []

 [188

]
[189]) (./thesis.bbl [190] [191

] [192] [193]
Missing character: There is no  in font zptmcm7t!
Missing character: There is no  in font zptmcm7t!
 [194] [195] [196] [197] [198]
[199] [200] [201] [202]
Missing character: There is no  in font ptmr7t!
Missing character: There is no  in font ptmr7t!
 [203] [204] [205] [206] [207] [208] [209] [210]
[211] [212] [213] [214] [215] [216] [217] [218] [219] [220])
Package atveryend Info: Empty hook `BeforeClearDocument' on input line 246.
 [221]
Package atveryend Info: Empty hook `AfterLastShipout' on input line 246.

(./thesis.aux (./tex/abstract.aux))
Package atveryend Info: Executing hook `AtVeryEndDocument' on input line 246.
Package atveryend Info: Executing hook `AtEndAfterFileList' on input line 246.
Package rerunfilecheck Info: File `thesis.out' has not changed.
(rerunfilecheck)             Checksum: C9565BDBC324AE3DD16B65D045668FE4;7612.
Package atveryend Info: Empty hook `AtVeryVeryEnd' on input line 246.
 )
(\end occurred inside a group at level 1)

### simple group (level 1) entered at line 1061 ({)
### bottom level 
Here is how much of TeX's memory you used:
 23719 strings out of 493014
 409261 string characters out of 6133351
 713543 words of memory out of 5000000
 26011 multiletter control sequences out of 15000+600000
 81808 words of font info for 187 fonts, out of 8000000 for 9000
 1141 hyphenation exceptions out of 8191
 40i,20n,57p,10368b,8879s stack positions out of 5000i,500n,10000p,200000b,80000s
{/usr/local/texlive/2016/texmf-dist/fonts/enc/dvips/base/8r.enc
}</usr/local/texlive/2016/texmf-dist/fonts/type1/public/amsfonts/cm/cmex10.pfb>
</usr/local/texlive/2016/texmf-dist/fonts/type1/public/amsfonts/cm/cmmi10.pfb><
/usr/local/texlive/2016/texmf-dist/fonts/type1/public/amsfonts/cm/cmmi12.pfb></
usr/local/texlive/2016/texmf-dist/fonts/type1/public/amsfonts/cm/cmmi9.pfb></us
r/local/texlive/2016/texmf-dist/fonts/type1/public/amsfonts/cm/cmr10.pfb></usr/
local/texlive/2016/texmf-dist/fonts/type1/public/amsfonts/cm/cmr12.pfb></usr/lo
cal/texlive/2016/texmf-dist/fonts/type1/public/amsfonts/cm/cmr17.pfb></usr/loca
l/texlive/2016/texmf-dist/fonts/type1/public/amsfonts/cm/cmsy10.pfb></usr/local
/texlive/2016/texmf-dist/fonts/type1/public/amsfonts/symbols/msam10.pfb></usr/l
ocal/texlive/2016/texmf-dist/fonts/type1/public/rsfs/rsfs10.pfb></usr/local/tex
live/2016/texmf-dist/fonts/type1/urw/courier/ucrb8a.pfb></usr/local/texlive/201
6/texmf-dist/fonts/type1/urw/courier/ucrbo8a.pfb></usr/local/texlive/2016/texmf
-dist/fonts/type1/urw/courier/ucrr8a.pfb></usr/local/texlive/2016/texmf-dist/fo
nts/type1/urw/courier/ucrro8a.pfb></usr/local/texlive/2016/texmf-dist/fonts/typ
e1/urw/symbol/usyr.pfb></usr/local/texlive/2016/texmf-dist/fonts/type1/urw/symb
ol/usyr.pfb></usr/local/texlive/2016/texmf-dist/fonts/type1/urw/times/utmb8a.pf
b></usr/local/texlive/2016/texmf-dist/fonts/type1/urw/times/utmb8a.pfb></usr/lo
cal/texlive/2016/texmf-dist/fonts/type1/urw/times/utmbi8a.pfb></usr/local/texli
ve/2016/texmf-dist/fonts/type1/urw/times/utmr8a.pfb></usr/local/texlive/2016/te
xmf-dist/fonts/type1/urw/times/utmri8a.pfb>
Output written on thesis.pdf (241 pages, 20064665 bytes).
PDF statistics:
 5687 PDF objects out of 6186 (max. 8388607)
 5054 compressed objects within 51 object streams
 844 named destinations out of 1000 (max. 500000)
 1030 words of extra memory for PDF output out of 10000 (max. 10000000)

