This is pdfTeX, Version 3.14159265-2.6-1.40.17 (TeX Live 2016) (preloaded format=pdflatex 2016.5.22)  24 JAN 2020 14:15
entering extended mode
 restricted \write18 enabled.
 file:line:error style messages enabled.
 %&-line parsing enabled.
**sync.tex
(./sync.tex
LaTeX2e <2016/03/31>
Babel <3.9r> and hyphenation patterns for 83 language(s) loaded.

./sync.tex:1: LaTeX Error: Missing \begin{document}.

See the LaTeX manual or LaTeX Companion for explanation.
Type  H <return>  for immediate help.
 ...                                              
                                                  
l.1 ...sion of the American Astronomical Society.}
                                                  
? 
LaTeX Font Info:    Try loading font information for OMS+cmr on input line 1.
(/usr/local/texlive/2016/texmf-dist/tex/latex/base/omscmr.fd
File: omscmr.fd 2014/09/29 v2.5h Standard LaTeX font definitions
)
LaTeX Font Info:    Font shape `OMS/cmr/m/it' in size <10> not available
(Font)              Font shape `OMS/cmsy/m/n' tried instead on input line 1.
LaTeX Font Info:    Font shape `OMS/cmr/m/n' in size <10> not available
(Font)              Font shape `OMS/cmsy/m/n' tried instead on input line 1.

Overfull \hbox (57.32199pt too wide) in paragraph at lines 1--2
[]\OT1/cmr/m/it/10 Portions
 []


Overfull \hbox (8.17773pt too wide) in paragraph at lines 1--2
\OT1/cmr/m/it/10 of
 []


Overfull \hbox (15.58879pt too wide) in paragraph at lines 1--2
\OT1/cmr/m/it/10 this
 []


Overfull \hbox (23.51096pt too wide) in paragraph at lines 1--2
\OT1/cmr/m/it/10 chap-
 []


Overfull \hbox (12.13878pt too wide) in paragraph at lines 1--2
\OT1/cmr/m/it/10 ter
 []


Overfull \hbox (19.54984pt too wide) in paragraph at lines 1--2
\OT1/cmr/m/it/10 were
 []


Overfull \hbox (20.57207pt too wide) in paragraph at lines 1--2
\OT1/cmr/m/it/10 orig-
 []


Overfull \hbox (6.6444pt too wide) in paragraph at lines 1--2
\OT1/cmr/m/it/10 i-
 []


Overfull \hbox (21.21098pt too wide) in paragraph at lines 1--2
\OT1/cmr/m/it/10 nally
 []


Overfull \hbox (18.65543pt too wide) in paragraph at lines 1--2
\OT1/cmr/m/it/10 pub-
 []


Overfull \hbox (24.02206pt too wide) in paragraph at lines 1--2
\OT1/cmr/m/it/10 lished
 []


Overfull \hbox (8.68884pt too wide) in paragraph at lines 1--2
\OT1/cmr/m/it/10 in
 []


Overfull \hbox (15.3332pt too wide) in paragraph at lines 1--2
\OT1/cmr/m/it/10 col-
 []


Overfull \hbox (15.84433pt too wide) in paragraph at lines 1--2
\OT1/cmr/m/it/10 lab-
 []


Overfull \hbox (8.68883pt too wide) in paragraph at lines 1--2
\OT1/cmr/m/it/10 o-
 []


Overfull \hbox (12.39433pt too wide) in paragraph at lines 1--2
\OT1/cmr/m/it/10 ra-
 []


Overfull \hbox (17.12212pt too wide) in paragraph at lines 1--2
\OT1/cmr/m/it/10 tion
 []


Overfull \hbox (18.14433pt too wide) in paragraph at lines 1--2
\OT1/cmr/m/it/10 with
 []


Overfull \hbox (20.9665pt too wide) in paragraph at lines 1--2
\OT1/cmr/m/it/10 Rory
 []


Overfull \hbox (33.74423pt too wide) in paragraph at lines 1--2
\OT1/cmr/m/it/10 Barnes,
 []


Overfull \hbox (27.2276pt too wide) in paragraph at lines 1--2
\OT1/cmr/m/it/10 James
 []


Overfull \hbox (10.36105pt too wide) in paragraph at lines 1--2
\OT1/cmr/m/it/10 R.
 []


Overfull \hbox (10.49994pt too wide) in paragraph at lines 1--2
\OT1/cmr/m/it/10 A.
 []


Overfull \hbox (20.83873pt too wide) in paragraph at lines 1--2
\OT1/cmr/m/it/10 Dav-
 []


Overfull \hbox (13.7999pt too wide) in paragraph at lines 1--2
\OT1/cmr/m/it/10 en-
 []


Overfull \hbox (20.31651pt too wide) in paragraph at lines 1--2
\OT1/cmr/m/it/10 port,
 []


Overfull \hbox (15.84436pt too wide) in paragraph at lines 1--2
\OT1/cmr/m/it/10 and
 []


Overfull \hbox (15.4721pt too wide) in paragraph at lines 1--2
\OT1/cmr/m/it/10 Ro-
 []


Overfull \hbox (22.10541pt too wide) in paragraph at lines 1--2
\OT1/cmr/m/it/10 drigo
 []


Overfull \hbox (25.05536pt too wide) in paragraph at lines 1--2
\OT1/cmr/m/it/10 Luger
 []


Overfull \hbox (8.68884pt too wide) in paragraph at lines 1--2
\OT1/cmr/m/it/10 in
 []


Overfull \hbox (13.03323pt too wide) in paragraph at lines 1--2
\OT1/cmr/m/it/10 the
 []


Overfull \hbox (16.1221pt too wide) in paragraph at lines 1--2
\OT1/cmr/m/it/10 Au-
 []


Overfull \hbox (17.37766pt too wide) in paragraph at lines 1--2
\OT1/cmr/m/it/10 gust
 []


Overfull \hbox (20.44434pt too wide) in paragraph at lines 1--2
\OT1/cmr/m/it/10 2019
 []


Overfull \hbox (15.84431pt too wide) in paragraph at lines 1--2
\OT1/cmr/m/it/10 edi-
 []


Overfull \hbox (17.12212pt too wide) in paragraph at lines 1--2
\OT1/cmr/m/it/10 tion
 []


Overfull \hbox (8.17773pt too wide) in paragraph at lines 1--2
\OT1/cmr/m/it/10 of
 []


Overfull \hbox (13.03323pt too wide) in paragraph at lines 1--2
\OT1/cmr/m/it/10 the
 []


Overfull \hbox (15.0999pt too wide) in paragraph at lines 1--2
\OT1/cmr/m/it/10 As-
 []


Overfull \hbox (15.71652pt too wide) in paragraph at lines 1--2
\OT1/cmr/m/it/10 tro-
 []


Overfull \hbox (22.7443pt too wide) in paragraph at lines 1--2
\OT1/cmr/m/it/10 phys-
 []


Overfull \hbox (6.6444pt too wide) in paragraph at lines 1--2
\OT1/cmr/m/it/10 i-
 []


Overfull \hbox (11.75546pt too wide) in paragraph at lines 1--2
\OT1/cmr/m/it/10 cal
 []


Overfull \hbox (23.52205pt too wide) in paragraph at lines 1--2
\OT1/cmr/m/it/10 Jour-
 []


Overfull \hbox (13.28882pt too wide) in paragraph at lines 1--2
\OT1/cmr/m/it/10 nal
 []


Overfull \hbox (29.52757pt too wide) in paragraph at lines 1--2
\OT1/cmr/m/it/10 (Flem-
 []


Overfull \hbox (13.2888pt too wide) in paragraph at lines 1--2
\OT1/cmr/m/it/10 ing
 []


Overfull \hbox (7.92215pt too wide) in paragraph at lines 1--2
\OT1/cmr/m/it/10 et
 []


Overfull \hbox (13.79993pt too wide) in paragraph at lines 1--2
\OT1/cmr/m/it/10 al.,
 []


Overfull \hbox (23.51099pt too wide) in paragraph at lines 1--2
\OT1/cmr/m/it/10 2019,
 []


Overfull \hbox (20.86098pt too wide) in paragraph at lines 1--2
\OT1/cmr/m/it/10 ApJ,
 []


Overfull \hbox (17.3999pt too wide) in paragraph at lines 1--2
\OT1/cmr/m/it/10 Vol.
 []


Overfull \hbox (18.3999pt too wide) in paragraph at lines 1--2
\OT1/cmr/m/it/10 881,
 []


Overfull \hbox (8.17773pt too wide) in paragraph at lines 1--2
\OT1/cmr/m/it/10 2;
 []


Overfull \hbox (20.44434pt too wide) in paragraph at lines 1--2
\OT1/cmr/m/it/10 2019
 []


Overfull \hbox (52.06082pt too wide) in paragraph at lines 1--2
[]\OT1/cmr/m/it/10 American
 []


Overfull \hbox (15.0999pt too wide) in paragraph at lines 1--2
\OT1/cmr/m/it/10 As-
 []


Overfull \hbox (15.71652pt too wide) in paragraph at lines 1--2
\OT1/cmr/m/it/10 tro-
 []


Overfull \hbox (22.48875pt too wide) in paragraph at lines 1--2
\OT1/cmr/m/it/10 nom-
 []


Overfull \hbox (6.6444pt too wide) in paragraph at lines 1--2
\OT1/cmr/m/it/10 i-
 []


Overfull \hbox (11.75546pt too wide) in paragraph at lines 1--2
\OT1/cmr/m/it/10 cal
 []


Overfull \hbox (14.31102pt too wide) in paragraph at lines 1--2
\OT1/cmr/m/it/10 So-
 []


Overfull \hbox (11.24435pt too wide) in paragraph at lines 1--2
\OT1/cmr/m/it/10 ci-
 []


Overfull \hbox (19.93318pt too wide) in paragraph at lines 1--2
\OT1/cmr/m/it/10 ety),
 []


Overfull \hbox (15.84436pt too wide) in paragraph at lines 1--2
\OT1/cmr/m/it/10 and
 []


Overfull \hbox (13.41655pt too wide) in paragraph at lines 1--2
\OT1/cmr/m/it/10 are
 []


Overfull \hbox (11.88321pt too wide) in paragraph at lines 1--2
\OT1/cmr/m/it/10 re-
 []


Overfull \hbox (17.50542pt too wide) in paragraph at lines 1--2
\OT1/cmr/m/it/10 pro-
 []


Overfull \hbox (23.76648pt too wide) in paragraph at lines 1--2
\OT1/cmr/m/it/10 duced
 []


Overfull \hbox (12.26654pt too wide) in paragraph at lines 1--2
\OT1/cmr/m/it/10 be-
 []


Overfull \hbox (14.31104pt too wide) in paragraph at lines 1--2
\OT1/cmr/m/it/10 low
 []


Overfull \hbox (18.14433pt too wide) in paragraph at lines 1--2
\OT1/cmr/m/it/10 with
 []


Overfull \hbox (16.9943pt too wide) in paragraph at lines 1--2
\OT1/cmr/m/it/10 per-
 []


Overfull \hbox (18.911pt too wide) in paragraph at lines 1--2
\OT1/cmr/m/it/10 mis-
 []


Overfull \hbox (17.8888pt too wide) in paragraph at lines 1--2
\OT1/cmr/m/it/10 sion
 []


Overfull \hbox (8.17773pt too wide) in paragraph at lines 1--2
\OT1/cmr/m/it/10 of
 []


Overfull \hbox (13.03323pt too wide) in paragraph at lines 1--2
\OT1/cmr/m/it/10 the
 []


Overfull \hbox (27.74979pt too wide) in paragraph at lines 1--2
\OT1/cmr/m/it/10 Amer-
 []


Overfull \hbox (6.6444pt too wide) in paragraph at lines 1--2
\OT1/cmr/m/it/10 i-
 []


Overfull \hbox (14.82211pt too wide) in paragraph at lines 1--2
\OT1/cmr/m/it/10 can
 []


Overfull \hbox (15.0999pt too wide) in paragraph at lines 1--2
\OT1/cmr/m/it/10 As-
 []


Overfull \hbox (15.71652pt too wide) in paragraph at lines 1--2
\OT1/cmr/m/it/10 tro-
 []


Overfull \hbox (22.48875pt too wide) in paragraph at lines 1--2
\OT1/cmr/m/it/10 nom-
 []


Overfull \hbox (6.6444pt too wide) in paragraph at lines 1--2
\OT1/cmr/m/it/10 i-
 []


Overfull \hbox (11.75546pt too wide) in paragraph at lines 1--2
\OT1/cmr/m/it/10 cal
 []


Overfull \hbox (14.31102pt too wide) in paragraph at lines 1--2
\OT1/cmr/m/it/10 So-
 []


Overfull \hbox (11.24435pt too wide) in paragraph at lines 1--2
\OT1/cmr/m/it/10 ci-
 []


Overfull \hbox (15.84431pt too wide) in paragraph at lines 1--2
\OT1/cmr/m/it/10 ety. 
 []

./sync.tex:3: Undefined control sequence.
l.3 \section
            {abstract}
? 
./sync.tex:3: Emergency stop.
l.3 \section
            {abstract}
End of file on the terminal!

 
Here is how much of TeX's memory you used:
 27 strings out of 493014
 475 string characters out of 6133351
 55601 words of memory out of 5000000
 3666 multiletter control sequences out of 15000+600000
 3986 words of font info for 15 fonts, out of 8000000 for 9000
 1141 hyphenation exceptions out of 8191
 22i,5n,18p,447b,153s stack positions out of 5000i,500n,10000p,200000b,80000s
./sync.tex:3:  ==> Fatal error occurred, no output PDF file produced!
